ARM GAS  /tmp//ccqFPxZM.s 			page 1


   1              		.cpu cortex-m7
   2              		.eabi_attribute 27, 1
   3              		.eabi_attribute 28, 1
   4              		.eabi_attribute 20, 1
   5              		.eabi_attribute 21, 1
   6              		.eabi_attribute 23, 3
   7              		.eabi_attribute 24, 1
   8              		.eabi_attribute 25, 1
   9              		.eabi_attribute 26, 1
  10              		.eabi_attribute 30, 4
  11              		.eabi_attribute 34, 1
  12              		.eabi_attribute 18, 4
  13              		.file	"chcore.c"
  14              		.file 1 "/usr/local/cortex-m7/arm-none-eabi/include/machine/_default_types.h"
  15              		.file 2 "/usr/local/cortex-m7/arm-none-eabi/include/sys/_stdint.h"
  16              		.file 3 "../ChibiOS/os/common/ports/ARMCMx/compilers/GCC/chtypes.h"
  17              		.file 4 "../ChibiOS/os/rt/include/chsystypes.h"
  18              		.file 5 "../ChibiOS/os/rt/include/chschd.h"
  19              		.file 6 "../ChibiOS/os/rt/include/chtime.h"
  20              		.file 7 "../ChibiOS/os/common/ext/ARM/CMSIS/Core/Include/core_cm7.h"
  21              		.file 8 "../ChibiOS/os/common/ext/ST/STM32F7xx/system_stm32f7xx.h"
  22              		.file 9 "../ChibiOS/os/common/ports/ARMCMx/chcore.h"
  23              		.file 10 "../ChibiOS/os/common/ports/ARMCMx/chcore_v7m.h"
  24              		.file 11 "../ChibiOS/os/rt/include/chtrace.h"
  25              		.file 12 "../ChibiOS/os/rt/include/chtm.h"
  26              		.file 13 "../ChibiOS/os/rt/include/chsem.h"
  27              		.file 14 "../ChibiOS/os/rt/include/chmtx.h"
  28              		.file 15 "../ChibiOS/os/rt/include/chsys.h"
  29              		.file 16 "../ChibiOS/os/rt/include/chregistry.h"
  30              		.file 17 "../ChibiOS/os/oslib/include/chmemcore.h"
  31              		.section	.gnu.debuglto_.debug_info,"e",%progbits
  32              	.Ldebug_info0:
  33              		.hidden	chcore.c.4b1bfa17
  34              		.weak	chcore.c.4b1bfa17
  35              	chcore.c.4b1bfa17:
  36 0000 C70A0000 		.4byte	0xac7
  37 0004 0400     		.2byte	0x4
  38 0006 00000000 		.4byte	.Ldebug_abbrev0
  39 000a 04       		.byte	0x4
  40 000b 01       		.uleb128 0x1
  41 000c 7A010000 		.4byte	.LASF132
  42 0010 0C       		.byte	0xc
  43 0011 B2050000 		.4byte	.LASF133
  44 0015 29010000 		.4byte	.LASF134
  45 0019 00000000 		.4byte	.Ldebug_line0
  46 001d 02       		.uleb128 0x2
  47 001e 04       		.byte	0x4
  48 001f 05       		.byte	0x5
  49 0020 696E7400 		.ascii	"int\000"
  50 0024 03       		.uleb128 0x3
  51 0025 04       		.byte	0x4
  52 0026 07       		.byte	0x7
  53 0027 AB020000 		.4byte	.LASF0
  54 002b 03       		.uleb128 0x3
  55 002c 08       		.byte	0x8
  56 002d 05       		.byte	0x5
  57 002e EE000000 		.4byte	.LASF1
ARM GAS  /tmp//ccqFPxZM.s 			page 2


  58 0032 03       		.uleb128 0x3
  59 0033 08       		.byte	0x8
  60 0034 04       		.byte	0x4
  61 0035 C5030000 		.4byte	.LASF2
  62 0039 03       		.uleb128 0x3
  63 003a 01       		.byte	0x1
  64 003b 06       		.byte	0x6
  65 003c FC000000 		.4byte	.LASF3
  66 0040 04       		.uleb128 0x4
  67 0041 29000000 		.4byte	.LASF6
  68 0045 01       		.byte	0x1
  69 0046 2B       		.byte	0x2b
  70 0047 18       		.byte	0x18
  71 0048 4C000000 		.4byte	0x4c
  72 004c 03       		.uleb128 0x3
  73 004d 01       		.byte	0x1
  74 004e 08       		.byte	0x8
  75 004f 67040000 		.4byte	.LASF4
  76 0053 03       		.uleb128 0x3
  77 0054 02       		.byte	0x2
  78 0055 05       		.byte	0x5
  79 0056 8B040000 		.4byte	.LASF5
  80 005a 04       		.uleb128 0x4
  81 005b 47050000 		.4byte	.LASF7
  82 005f 01       		.byte	0x1
  83 0060 39       		.byte	0x39
  84 0061 19       		.byte	0x19
  85 0062 66000000 		.4byte	0x66
  86 0066 03       		.uleb128 0x3
  87 0067 02       		.byte	0x2
  88 0068 07       		.byte	0x7
  89 0069 94050000 		.4byte	.LASF8
  90 006d 04       		.uleb128 0x4
  91 006e 5F030000 		.4byte	.LASF9
  92 0072 01       		.byte	0x1
  93 0073 4D       		.byte	0x4d
  94 0074 18       		.byte	0x18
  95 0075 79000000 		.4byte	0x79
  96 0079 03       		.uleb128 0x3
  97 007a 04       		.byte	0x4
  98 007b 05       		.byte	0x5
  99 007c 20010000 		.4byte	.LASF10
 100 0080 04       		.uleb128 0x4
 101 0081 55020000 		.4byte	.LASF11
 102 0085 01       		.byte	0x1
 103 0086 4F       		.byte	0x4f
 104 0087 19       		.byte	0x19
 105 0088 8C000000 		.4byte	0x8c
 106 008c 03       		.uleb128 0x3
 107 008d 04       		.byte	0x4
 108 008e 07       		.byte	0x7
 109 008f 23050000 		.4byte	.LASF12
 110 0093 04       		.uleb128 0x4
 111 0094 0B040000 		.4byte	.LASF13
 112 0098 01       		.byte	0x1
 113 0099 69       		.byte	0x69
 114 009a 19       		.byte	0x19
ARM GAS  /tmp//ccqFPxZM.s 			page 3


 115 009b 9F000000 		.4byte	0x9f
 116 009f 03       		.uleb128 0x3
 117 00a0 08       		.byte	0x8
 118 00a1 07       		.byte	0x7
 119 00a2 70000000 		.4byte	.LASF14
 120 00a6 04       		.uleb128 0x4
 121 00a7 07060000 		.4byte	.LASF15
 122 00ab 02       		.byte	0x2
 123 00ac 18       		.byte	0x18
 124 00ad 13       		.byte	0x13
 125 00ae 40000000 		.4byte	0x40
 126 00b2 05       		.uleb128 0x5
 127 00b3 A6000000 		.4byte	0xa6
 128 00b7 04       		.uleb128 0x4
 129 00b8 B8020000 		.4byte	.LASF16
 130 00bc 02       		.byte	0x2
 131 00bd 24       		.byte	0x24
 132 00be 14       		.byte	0x14
 133 00bf 5A000000 		.4byte	0x5a
 134 00c3 04       		.uleb128 0x4
 135 00c4 5F040000 		.4byte	.LASF17
 136 00c8 02       		.byte	0x2
 137 00c9 2C       		.byte	0x2c
 138 00ca 13       		.byte	0x13
 139 00cb 6D000000 		.4byte	0x6d
 140 00cf 06       		.uleb128 0x6
 141 00d0 C3000000 		.4byte	0xc3
 142 00d4 04       		.uleb128 0x4
 143 00d5 FD040000 		.4byte	.LASF18
 144 00d9 02       		.byte	0x2
 145 00da 30       		.byte	0x30
 146 00db 14       		.byte	0x14
 147 00dc 80000000 		.4byte	0x80
 148 00e0 04       		.uleb128 0x4
 149 00e1 20000000 		.4byte	.LASF19
 150 00e5 02       		.byte	0x2
 151 00e6 3C       		.byte	0x3c
 152 00e7 14       		.byte	0x14
 153 00e8 93000000 		.4byte	0x93
 154 00ec 04       		.uleb128 0x4
 155 00ed 93030000 		.4byte	.LASF20
 156 00f1 03       		.byte	0x3
 157 00f2 27       		.byte	0x27
 158 00f3 1D       		.byte	0x1d
 159 00f4 D4000000 		.4byte	0xd4
 160 00f8 04       		.uleb128 0x4
 161 00f9 28030000 		.4byte	.LASF21
 162 00fd 03       		.byte	0x3
 163 00fe 2A       		.byte	0x2a
 164 00ff 1D       		.byte	0x1d
 165 0100 A6000000 		.4byte	0xa6
 166 0104 04       		.uleb128 0x4
 167 0105 5B010000 		.4byte	.LASF22
 168 0109 03       		.byte	0x3
 169 010a 2B       		.byte	0x2b
 170 010b 1D       		.byte	0x1d
 171 010c A6000000 		.4byte	0xa6
ARM GAS  /tmp//ccqFPxZM.s 			page 4


 172 0110 04       		.uleb128 0x4
 173 0111 20040000 		.4byte	.LASF23
 174 0115 03       		.byte	0x3
 175 0116 2C       		.byte	0x2c
 176 0117 1D       		.byte	0x1d
 177 0118 A6000000 		.4byte	0xa6
 178 011c 04       		.uleb128 0x4
 179 011d 4C040000 		.4byte	.LASF24
 180 0121 03       		.byte	0x3
 181 0122 2E       		.byte	0x2e
 182 0123 1D       		.byte	0x1d
 183 0124 D4000000 		.4byte	0xd4
 184 0128 04       		.uleb128 0x4
 185 0129 05030000 		.4byte	.LASF25
 186 012d 03       		.byte	0x3
 187 012e 2F       		.byte	0x2f
 188 012f 1D       		.byte	0x1d
 189 0130 C3000000 		.4byte	0xc3
 190 0134 04       		.uleb128 0x4
 191 0135 3E030000 		.4byte	.LASF26
 192 0139 03       		.byte	0x3
 193 013a 31       		.byte	0x31
 194 013b 1D       		.byte	0x1d
 195 013c D4000000 		.4byte	0xd4
 196 0140 04       		.uleb128 0x4
 197 0141 9C020000 		.4byte	.LASF27
 198 0145 03       		.byte	0x3
 199 0146 33       		.byte	0x33
 200 0147 1D       		.byte	0x1d
 201 0148 C3000000 		.4byte	0xc3
 202 014c 04       		.uleb128 0x4
 203 014d 52050000 		.4byte	.LASF28
 204 0151 04       		.byte	0x4
 205 0152 34       		.byte	0x34
 206 0153 1A       		.byte	0x1a
 207 0154 58010000 		.4byte	0x158
 208 0158 07       		.uleb128 0x7
 209 0159 FB020000 		.4byte	.LASF46
 210 015d 44       		.byte	0x44
 211 015e 05       		.byte	0x5
 212 015f 8E       		.byte	0x8e
 213 0160 08       		.byte	0x8
 214 0161 48020000 		.4byte	0x248
 215 0165 08       		.uleb128 0x8
 216 0166 E6020000 		.4byte	.LASF29
 217 016a 05       		.byte	0x5
 218 016b 8F       		.byte	0x8f
 219 016c 19       		.byte	0x19
 220 016d 81020000 		.4byte	0x281
 221 0171 00       		.byte	0
 222 0172 08       		.uleb128 0x8
 223 0173 FE030000 		.4byte	.LASF30
 224 0177 05       		.byte	0x5
 225 0178 90       		.byte	0x90
 226 0179 19       		.byte	0x19
 227 017a 1C010000 		.4byte	0x11c
 228 017e 08       		.byte	0x8
ARM GAS  /tmp//ccqFPxZM.s 			page 5


 229 017f 09       		.uleb128 0x9
 230 0180 63747800 		.ascii	"ctx\000"
 231 0184 05       		.byte	0x5
 232 0185 91       		.byte	0x91
 233 0186 19       		.byte	0x19
 234 0187 1D050000 		.4byte	0x51d
 235 018b 0C       		.byte	0xc
 236 018c 08       		.uleb128 0x8
 237 018d 74030000 		.4byte	.LASF31
 238 0191 05       		.byte	0x5
 239 0192 93       		.byte	0x93
 240 0193 1A       		.byte	0x1a
 241 0194 54020000 		.4byte	0x254
 242 0198 10       		.byte	0x10
 243 0199 08       		.uleb128 0x8
 244 019a 41050000 		.4byte	.LASF32
 245 019e 05       		.byte	0x5
 246 019f 94       		.byte	0x94
 247 01a0 1A       		.byte	0x1a
 248 01a1 54020000 		.4byte	0x254
 249 01a5 14       		.byte	0x14
 250 01a6 08       		.uleb128 0x8
 251 01a7 E1020000 		.4byte	.LASF33
 252 01ab 05       		.byte	0x5
 253 01ac 9B       		.byte	0x9b
 254 01ad 1A       		.byte	0x1a
 255 01ae DE060000 		.4byte	0x6de
 256 01b2 18       		.byte	0x18
 257 01b3 08       		.uleb128 0x8
 258 01b4 35050000 		.4byte	.LASF34
 259 01b8 05       		.byte	0x5
 260 01b9 A4       		.byte	0xa4
 261 01ba 1A       		.byte	0x1a
 262 01bb 25090000 		.4byte	0x925
 263 01bf 1C       		.byte	0x1c
 264 01c0 08       		.uleb128 0x8
 265 01c1 1A010000 		.4byte	.LASF35
 266 01c5 05       		.byte	0x5
 267 01c6 A9       		.byte	0xa9
 268 01c7 19       		.byte	0x19
 269 01c8 04010000 		.4byte	0x104
 270 01cc 20       		.byte	0x20
 271 01cd 08       		.uleb128 0x8
 272 01ce 0F060000 		.4byte	.LASF36
 273 01d2 05       		.byte	0x5
 274 01d3 AD       		.byte	0xad
 275 01d4 19       		.byte	0x19
 276 01d5 F8000000 		.4byte	0xf8
 277 01d9 21       		.byte	0x21
 278 01da 08       		.uleb128 0x8
 279 01db 32040000 		.4byte	.LASF37
 280 01df 05       		.byte	0x5
 281 01e0 B2       		.byte	0xb2
 282 01e1 19       		.byte	0x19
 283 01e2 10010000 		.4byte	0x110
 284 01e6 22       		.byte	0x22
 285 01e7 0A       		.uleb128 0xa
ARM GAS  /tmp//ccqFPxZM.s 			page 6


 286 01e8 7500     		.ascii	"u\000"
 287 01ea 05       		.byte	0x5
 288 01eb 0301     		.2byte	0x103
 289 01ed 19       		.byte	0x19
 290 01ee 4B080000 		.4byte	0x84b
 291 01f2 24       		.byte	0x24
 292 01f3 0B       		.uleb128 0xb
 293 01f4 79020000 		.4byte	.LASF38
 294 01f8 05       		.byte	0x5
 295 01f9 0801     		.2byte	0x108
 296 01fb 19       		.byte	0x19
 297 01fc 5A020000 		.4byte	0x25a
 298 0200 28       		.byte	0x28
 299 0201 0B       		.uleb128 0xb
 300 0202 A2020000 		.4byte	.LASF39
 301 0206 05       		.byte	0x5
 302 0207 0E01     		.2byte	0x10e
 303 0209 19       		.byte	0x19
 304 020a 81020000 		.4byte	0x281
 305 020e 2C       		.byte	0x2c
 306 020f 0B       		.uleb128 0xb
 307 0210 0B030000 		.4byte	.LASF40
 308 0214 05       		.byte	0x5
 309 0215 1401     		.2byte	0x114
 310 0217 19       		.byte	0x19
 311 0218 34010000 		.4byte	0x134
 312 021c 34       		.byte	0x34
 313 021d 0B       		.uleb128 0xb
 314 021e 4C060000 		.4byte	.LASF41
 315 0222 05       		.byte	0x5
 316 0223 1B01     		.2byte	0x11b
 317 0225 1A       		.byte	0x1a
 318 0226 1F090000 		.4byte	0x91f
 319 022a 38       		.byte	0x38
 320 022b 0B       		.uleb128 0xb
 321 022c 82030000 		.4byte	.LASF42
 322 0230 05       		.byte	0x5
 323 0231 1F01     		.2byte	0x11f
 324 0233 19       		.byte	0x19
 325 0234 1C010000 		.4byte	0x11c
 326 0238 3C       		.byte	0x3c
 327 0239 0B       		.uleb128 0xb
 328 023a EC020000 		.4byte	.LASF43
 329 023e 05       		.byte	0x5
 330 023f 2601     		.2byte	0x126
 331 0241 1A       		.byte	0x1a
 332 0242 41030000 		.4byte	0x341
 333 0246 40       		.byte	0x40
 334 0247 00       		.byte	0
 335 0248 04       		.uleb128 0x4
 336 0249 9B030000 		.4byte	.LASF44
 337 024d 04       		.byte	0x4
 338 024e 39       		.byte	0x39
 339 024f 14       		.byte	0x14
 340 0250 54020000 		.4byte	0x254
 341 0254 0C       		.uleb128 0xc
 342 0255 04       		.byte	0x4
ARM GAS  /tmp//ccqFPxZM.s 			page 7


 343 0256 4C010000 		.4byte	0x14c
 344 025a 04       		.uleb128 0x4
 345 025b 1C060000 		.4byte	.LASF45
 346 025f 04       		.byte	0x4
 347 0260 3E       		.byte	0x3e
 348 0261 20       		.byte	0x20
 349 0262 66020000 		.4byte	0x266
 350 0266 07       		.uleb128 0x7
 351 0267 0D050000 		.4byte	.LASF47
 352 026b 04       		.byte	0x4
 353 026c 05       		.byte	0x5
 354 026d 7C       		.byte	0x7c
 355 026e 08       		.byte	0x8
 356 026f 81020000 		.4byte	0x281
 357 0273 08       		.uleb128 0x8
 358 0274 D8000000 		.4byte	.LASF48
 359 0278 05       		.byte	0x5
 360 0279 7D       		.byte	0x7d
 361 027a 1A       		.byte	0x1a
 362 027b 54020000 		.4byte	0x254
 363 027f 00       		.byte	0
 364 0280 00       		.byte	0
 365 0281 04       		.uleb128 0x4
 366 0282 E5050000 		.4byte	.LASF49
 367 0286 04       		.byte	0x4
 368 0287 45       		.byte	0x45
 369 0288 21       		.byte	0x21
 370 0289 8D020000 		.4byte	0x28d
 371 028d 07       		.uleb128 0x7
 372 028e DD000000 		.4byte	.LASF50
 373 0292 08       		.byte	0x8
 374 0293 05       		.byte	0x5
 375 0294 83       		.byte	0x83
 376 0295 08       		.byte	0x8
 377 0296 B5020000 		.4byte	0x2b5
 378 029a 08       		.uleb128 0x8
 379 029b D8000000 		.4byte	.LASF48
 380 029f 05       		.byte	0x5
 381 02a0 84       		.byte	0x84
 382 02a1 1A       		.byte	0x1a
 383 02a2 54020000 		.4byte	0x254
 384 02a6 00       		.byte	0
 385 02a7 08       		.uleb128 0x8
 386 02a8 33000000 		.4byte	.LASF51
 387 02ac 05       		.byte	0x5
 388 02ad 85       		.byte	0x85
 389 02ae 1A       		.byte	0x1a
 390 02af 54020000 		.4byte	0x254
 391 02b3 04       		.byte	0x4
 392 02b4 00       		.byte	0
 393 02b5 04       		.uleb128 0x4
 394 02b6 00000000 		.4byte	.LASF52
 395 02ba 04       		.byte	0x4
 396 02bb 4C       		.byte	0x4c
 397 02bc 1E       		.byte	0x1e
 398 02bd C1020000 		.4byte	0x2c1
 399 02c1 0D       		.uleb128 0xd
ARM GAS  /tmp//ccqFPxZM.s 			page 8


 400 02c2 30030000 		.4byte	.LASF53
 401 02c6 1C       		.byte	0x1c
 402 02c7 05       		.byte	0x5
 403 02c8 5E01     		.2byte	0x15e
 404 02ca 08       		.byte	0x8
 405 02cb 24030000 		.4byte	0x324
 406 02cf 0B       		.uleb128 0xb
 407 02d0 E6020000 		.4byte	.LASF29
 408 02d4 05       		.byte	0x5
 409 02d5 5F01     		.2byte	0x15f
 410 02d7 19       		.byte	0x19
 411 02d8 81020000 		.4byte	0x281
 412 02dc 00       		.byte	0
 413 02dd 0B       		.uleb128 0xb
 414 02de FE030000 		.4byte	.LASF30
 415 02e2 05       		.byte	0x5
 416 02e3 6001     		.2byte	0x160
 417 02e5 19       		.byte	0x19
 418 02e6 1C010000 		.4byte	0x11c
 419 02ea 08       		.byte	0x8
 420 02eb 0A       		.uleb128 0xa
 421 02ec 63747800 		.ascii	"ctx\000"
 422 02f0 05       		.byte	0x5
 423 02f1 6201     		.2byte	0x162
 424 02f3 19       		.byte	0x19
 425 02f4 1D050000 		.4byte	0x51d
 426 02f8 0C       		.byte	0xc
 427 02f9 0B       		.uleb128 0xb
 428 02fa 74030000 		.4byte	.LASF31
 429 02fe 05       		.byte	0x5
 430 02ff 6501     		.2byte	0x165
 431 0301 1A       		.byte	0x1a
 432 0302 54020000 		.4byte	0x254
 433 0306 10       		.byte	0x10
 434 0307 0B       		.uleb128 0xb
 435 0308 41050000 		.4byte	.LASF32
 436 030c 05       		.byte	0x5
 437 030d 6601     		.2byte	0x166
 438 030f 1A       		.byte	0x1a
 439 0310 54020000 		.4byte	0x254
 440 0314 14       		.byte	0x14
 441 0315 0B       		.uleb128 0xb
 442 0316 03040000 		.4byte	.LASF54
 443 031a 05       		.byte	0x5
 444 031b 6901     		.2byte	0x169
 445 031d 1A       		.byte	0x1a
 446 031e 54020000 		.4byte	0x254
 447 0322 18       		.byte	0x18
 448 0323 00       		.byte	0
 449 0324 04       		.uleb128 0x4
 450 0325 70050000 		.4byte	.LASF55
 451 0329 04       		.byte	0x4
 452 032a 51       		.byte	0x51
 453 032b 10       		.byte	0x10
 454 032c 30030000 		.4byte	0x330
 455 0330 0C       		.uleb128 0xc
 456 0331 04       		.byte	0x4
ARM GAS  /tmp//ccqFPxZM.s 			page 9


 457 0332 36030000 		.4byte	0x336
 458 0336 0E       		.uleb128 0xe
 459 0337 41030000 		.4byte	0x341
 460 033b 0F       		.uleb128 0xf
 461 033c 41030000 		.4byte	0x341
 462 0340 00       		.byte	0
 463 0341 10       		.uleb128 0x10
 464 0342 04       		.byte	0x4
 465 0343 04       		.uleb128 0x4
 466 0344 37040000 		.4byte	.LASF56
 467 0348 04       		.byte	0x4
 468 0349 56       		.byte	0x56
 469 034a 21       		.byte	0x21
 470 034b 4F030000 		.4byte	0x34f
 471 034f 0D       		.uleb128 0xd
 472 0350 BB040000 		.4byte	.LASF57
 473 0354 14       		.byte	0x14
 474 0355 05       		.byte	0x5
 475 0356 3901     		.2byte	0x139
 476 0358 08       		.byte	0x8
 477 0359 A4030000 		.4byte	0x3a4
 478 035d 0B       		.uleb128 0xb
 479 035e D8000000 		.4byte	.LASF48
 480 0362 05       		.byte	0x5
 481 0363 3A01     		.2byte	0x13a
 482 0365 1A       		.byte	0x1a
 483 0366 2B090000 		.4byte	0x92b
 484 036a 00       		.byte	0
 485 036b 0B       		.uleb128 0xb
 486 036c 33000000 		.4byte	.LASF51
 487 0370 05       		.byte	0x5
 488 0371 3B01     		.2byte	0x13b
 489 0373 1A       		.byte	0x1a
 490 0374 2B090000 		.4byte	0x92b
 491 0378 04       		.byte	0x4
 492 0379 0B       		.uleb128 0xb
 493 037a 13000000 		.4byte	.LASF58
 494 037e 05       		.byte	0x5
 495 037f 3C01     		.2byte	0x13c
 496 0381 19       		.byte	0x19
 497 0382 9E040000 		.4byte	0x49e
 498 0386 08       		.byte	0x8
 499 0387 0B       		.uleb128 0xb
 500 0388 75010000 		.4byte	.LASF59
 501 038c 05       		.byte	0x5
 502 038d 3D01     		.2byte	0x13d
 503 038f 19       		.byte	0x19
 504 0390 24030000 		.4byte	0x324
 505 0394 0C       		.byte	0xc
 506 0395 0A       		.uleb128 0xa
 507 0396 70617200 		.ascii	"par\000"
 508 039a 05       		.byte	0x5
 509 039b 3F01     		.2byte	0x13f
 510 039d 1A       		.byte	0x1a
 511 039e 41030000 		.4byte	0x341
 512 03a2 10       		.byte	0x10
 513 03a3 00       		.byte	0
ARM GAS  /tmp//ccqFPxZM.s 			page 10


 514 03a4 04       		.uleb128 0x4
 515 03a5 B5000000 		.4byte	.LASF60
 516 03a9 04       		.byte	0x4
 517 03aa 5B       		.byte	0x5b
 518 03ab 28       		.byte	0x28
 519 03ac B0030000 		.4byte	0x3b0
 520 03b0 0D       		.uleb128 0xd
 521 03b1 AE030000 		.4byte	.LASF61
 522 03b5 10       		.byte	0x10
 523 03b6 05       		.byte	0x5
 524 03b7 4901     		.2byte	0x149
 525 03b9 08       		.byte	0x8
 526 03ba F7030000 		.4byte	0x3f7
 527 03be 0B       		.uleb128 0xb
 528 03bf D8000000 		.4byte	.LASF48
 529 03c3 05       		.byte	0x5
 530 03c4 4A01     		.2byte	0x14a
 531 03c6 1A       		.byte	0x1a
 532 03c7 2B090000 		.4byte	0x92b
 533 03cb 00       		.byte	0
 534 03cc 0B       		.uleb128 0xb
 535 03cd 33000000 		.4byte	.LASF51
 536 03d1 05       		.byte	0x5
 537 03d2 4C01     		.2byte	0x14c
 538 03d4 1A       		.byte	0x1a
 539 03d5 2B090000 		.4byte	0x92b
 540 03d9 04       		.byte	0x4
 541 03da 0B       		.uleb128 0xb
 542 03db 13000000 		.4byte	.LASF58
 543 03df 05       		.byte	0x5
 544 03e0 4E01     		.2byte	0x14e
 545 03e2 19       		.byte	0x19
 546 03e3 9E040000 		.4byte	0x49e
 547 03e7 08       		.byte	0x8
 548 03e8 0B       		.uleb128 0xb
 549 03e9 95040000 		.4byte	.LASF62
 550 03ed 05       		.byte	0x5
 551 03ee 5601     		.2byte	0x156
 552 03f0 19       		.byte	0x19
 553 03f1 92040000 		.4byte	0x492
 554 03f5 0C       		.byte	0xc
 555 03f6 00       		.byte	0
 556 03f7 04       		.uleb128 0x4
 557 03f8 44000000 		.4byte	.LASF63
 558 03fc 04       		.byte	0x4
 559 03fd 60       		.byte	0x60
 560 03fe 20       		.byte	0x20
 561 03ff 03040000 		.4byte	0x403
 562 0403 11       		.uleb128 0x11
 563 0404 69020000 		.4byte	.LASF64
 564 0408 0C08     		.2byte	0x80c
 565 040a 05       		.byte	0x5
 566 040b 7001     		.2byte	0x170
 567 040d 08       		.byte	0x8
 568 040e 2F040000 		.4byte	0x42f
 569 0412 0B       		.uleb128 0xb
 570 0413 79050000 		.4byte	.LASF65
ARM GAS  /tmp//ccqFPxZM.s 			page 11


 571 0417 05       		.byte	0x5
 572 0418 7801     		.2byte	0x178
 573 041a 24       		.byte	0x24
 574 041b E4060000 		.4byte	0x6e4
 575 041f 00       		.byte	0
 576 0420 0B       		.uleb128 0xb
 577 0421 35060000 		.4byte	.LASF66
 578 0425 05       		.byte	0x5
 579 0426 8701     		.2byte	0x187
 580 0428 19       		.byte	0x19
 581 0429 1C080000 		.4byte	0x81c
 582 042d 04       		.byte	0x4
 583 042e 00       		.byte	0
 584 042f 04       		.uleb128 0x4
 585 0430 14030000 		.4byte	.LASF67
 586 0434 04       		.byte	0x4
 587 0435 65       		.byte	0x65
 588 0436 1A       		.byte	0x1a
 589 0437 3B040000 		.4byte	0x43b
 590 043b 11       		.uleb128 0x11
 591 043c AA040000 		.4byte	.LASF68
 592 0440 8008     		.2byte	0x880
 593 0442 05       		.byte	0x5
 594 0443 9001     		.2byte	0x190
 595 0445 08       		.byte	0x8
 596 0446 92040000 		.4byte	0x492
 597 044a 0B       		.uleb128 0xb
 598 044b 0D010000 		.4byte	.LASF69
 599 044f 05       		.byte	0x5
 600 0450 9401     		.2byte	0x194
 601 0452 19       		.byte	0x19
 602 0453 B5020000 		.4byte	0x2b5
 603 0457 00       		.byte	0
 604 0458 0B       		.uleb128 0xb
 605 0459 13010000 		.4byte	.LASF70
 606 045d 05       		.byte	0x5
 607 045e 9801     		.2byte	0x198
 608 0460 19       		.byte	0x19
 609 0461 A4030000 		.4byte	0x3a4
 610 0465 1C       		.byte	0x1c
 611 0466 0A       		.uleb128 0xa
 612 0467 64626700 		.ascii	"dbg\000"
 613 046b 05       		.byte	0x5
 614 046c 9C01     		.2byte	0x19c
 615 046e 19       		.byte	0x19
 616 046f F7030000 		.4byte	0x3f7
 617 0473 2C       		.byte	0x2c
 618 0474 12       		.uleb128 0x12
 619 0475 A2000000 		.4byte	.LASF71
 620 0479 05       		.byte	0x5
 621 047a A001     		.2byte	0x1a0
 622 047c 19       		.byte	0x19
 623 047d 4C010000 		.4byte	0x14c
 624 0481 3808     		.2byte	0x838
 625 0483 13       		.uleb128 0x13
 626 0484 746D00   		.ascii	"tm\000"
 627 0487 05       		.byte	0x5
ARM GAS  /tmp//ccqFPxZM.s 			page 12


 628 0488 A501     		.2byte	0x1a5
 629 048a 19       		.byte	0x19
 630 048b 3F080000 		.4byte	0x83f
 631 048f 7C08     		.2byte	0x87c
 632 0491 00       		.byte	0
 633 0492 04       		.uleb128 0x4
 634 0493 66050000 		.4byte	.LASF72
 635 0497 06       		.byte	0x6
 636 0498 6D       		.byte	0x6d
 637 0499 12       		.byte	0x12
 638 049a D4000000 		.4byte	0xd4
 639 049e 04       		.uleb128 0x4
 640 049f 8E020000 		.4byte	.LASF73
 641 04a3 06       		.byte	0x6
 642 04a4 79       		.byte	0x79
 643 04a5 12       		.byte	0x12
 644 04a6 D4000000 		.4byte	0xd4
 645 04aa 14       		.uleb128 0x14
 646 04ab CB000000 		.4byte	.LASF74
 647 04af 07       		.byte	0x7
 648 04b0 220A     		.2byte	0xa22
 649 04b2 19       		.byte	0x19
 650 04b3 CF000000 		.4byte	0xcf
 651 04b7 15       		.uleb128 0x15
 652 04b8 C1020000 		.4byte	.LASF75
 653 04bc 08       		.byte	0x8
 654 04bd 4C       		.byte	0x4c
 655 04be 11       		.byte	0x11
 656 04bf D4000000 		.4byte	0xd4
 657 04c3 16       		.uleb128 0x16
 658 04c4 B2000000 		.4byte	0xb2
 659 04c8 D3040000 		.4byte	0x4d3
 660 04cc 17       		.uleb128 0x17
 661 04cd 24000000 		.4byte	0x24
 662 04d1 0F       		.byte	0xf
 663 04d2 00       		.byte	0
 664 04d3 05       		.uleb128 0x5
 665 04d4 C3040000 		.4byte	0x4c3
 666 04d8 15       		.uleb128 0x15
 667 04d9 4A030000 		.4byte	.LASF76
 668 04dd 08       		.byte	0x8
 669 04de 4E       		.byte	0x4e
 670 04df 17       		.byte	0x17
 671 04e0 D3040000 		.4byte	0x4d3
 672 04e4 16       		.uleb128 0x16
 673 04e5 B2000000 		.4byte	0xb2
 674 04e9 F4040000 		.4byte	0x4f4
 675 04ed 17       		.uleb128 0x17
 676 04ee 24000000 		.4byte	0x24
 677 04f2 07       		.byte	0x7
 678 04f3 00       		.byte	0
 679 04f4 05       		.uleb128 0x5
 680 04f5 E4040000 		.4byte	0x4e4
 681 04f9 15       		.uleb128 0x15
 682 04fa 53000000 		.4byte	.LASF77
 683 04fe 08       		.byte	0x8
 684 04ff 4F       		.byte	0x4f
ARM GAS  /tmp//ccqFPxZM.s 			page 13


 685 0500 17       		.byte	0x17
 686 0501 F4040000 		.4byte	0x4f4
 687 0505 04       		.uleb128 0x4
 688 0506 60020000 		.4byte	.LASF78
 689 050a 09       		.byte	0x9
 690 050b 65       		.byte	0x65
 691 050c 0F       		.byte	0xf
 692 050d 41030000 		.4byte	0x341
 693 0511 04       		.uleb128 0x4
 694 0512 69030000 		.4byte	.LASF79
 695 0516 09       		.byte	0x9
 696 0517 6D       		.byte	0x6d
 697 0518 12       		.byte	0x12
 698 0519 E0000000 		.4byte	0xe0
 699 051d 07       		.uleb128 0x7
 700 051e DB030000 		.4byte	.LASF80
 701 0522 04       		.byte	0x4
 702 0523 09       		.byte	0x9
 703 0524 89       		.byte	0x89
 704 0525 08       		.byte	0x8
 705 0526 37050000 		.4byte	0x537
 706 052a 09       		.uleb128 0x9
 707 052b 737000   		.ascii	"sp\000"
 708 052e 09       		.byte	0x9
 709 052f 8A       		.byte	0x8a
 710 0530 17       		.byte	0x17
 711 0531 9D060000 		.4byte	0x69d
 712 0535 00       		.byte	0
 713 0536 00       		.byte	0
 714 0537 0D       		.uleb128 0xd
 715 0538 38000000 		.4byte	.LASF81
 716 053c 64       		.byte	0x64
 717 053d 0A       		.byte	0xa
 718 053e 6001     		.2byte	0x160
 719 0540 08       		.byte	0x8
 720 0541 9D060000 		.4byte	0x69d
 721 0545 0A       		.uleb128 0xa
 722 0546 73313600 		.ascii	"s16\000"
 723 054a 0A       		.byte	0xa
 724 054b 6201     		.2byte	0x162
 725 054d 11       		.byte	0x11
 726 054e 05050000 		.4byte	0x505
 727 0552 00       		.byte	0
 728 0553 0A       		.uleb128 0xa
 729 0554 73313700 		.ascii	"s17\000"
 730 0558 0A       		.byte	0xa
 731 0559 6301     		.2byte	0x163
 732 055b 11       		.byte	0x11
 733 055c 05050000 		.4byte	0x505
 734 0560 04       		.byte	0x4
 735 0561 0A       		.uleb128 0xa
 736 0562 73313800 		.ascii	"s18\000"
 737 0566 0A       		.byte	0xa
 738 0567 6401     		.2byte	0x164
 739 0569 11       		.byte	0x11
 740 056a 05050000 		.4byte	0x505
 741 056e 08       		.byte	0x8
ARM GAS  /tmp//ccqFPxZM.s 			page 14


 742 056f 0A       		.uleb128 0xa
 743 0570 73313900 		.ascii	"s19\000"
 744 0574 0A       		.byte	0xa
 745 0575 6501     		.2byte	0x165
 746 0577 11       		.byte	0x11
 747 0578 05050000 		.4byte	0x505
 748 057c 0C       		.byte	0xc
 749 057d 0A       		.uleb128 0xa
 750 057e 73323000 		.ascii	"s20\000"
 751 0582 0A       		.byte	0xa
 752 0583 6601     		.2byte	0x166
 753 0585 11       		.byte	0x11
 754 0586 05050000 		.4byte	0x505
 755 058a 10       		.byte	0x10
 756 058b 0A       		.uleb128 0xa
 757 058c 73323100 		.ascii	"s21\000"
 758 0590 0A       		.byte	0xa
 759 0591 6701     		.2byte	0x167
 760 0593 11       		.byte	0x11
 761 0594 05050000 		.4byte	0x505
 762 0598 14       		.byte	0x14
 763 0599 0A       		.uleb128 0xa
 764 059a 73323200 		.ascii	"s22\000"
 765 059e 0A       		.byte	0xa
 766 059f 6801     		.2byte	0x168
 767 05a1 11       		.byte	0x11
 768 05a2 05050000 		.4byte	0x505
 769 05a6 18       		.byte	0x18
 770 05a7 0A       		.uleb128 0xa
 771 05a8 73323300 		.ascii	"s23\000"
 772 05ac 0A       		.byte	0xa
 773 05ad 6901     		.2byte	0x169
 774 05af 11       		.byte	0x11
 775 05b0 05050000 		.4byte	0x505
 776 05b4 1C       		.byte	0x1c
 777 05b5 0A       		.uleb128 0xa
 778 05b6 73323400 		.ascii	"s24\000"
 779 05ba 0A       		.byte	0xa
 780 05bb 6A01     		.2byte	0x16a
 781 05bd 11       		.byte	0x11
 782 05be 05050000 		.4byte	0x505
 783 05c2 20       		.byte	0x20
 784 05c3 0A       		.uleb128 0xa
 785 05c4 73323500 		.ascii	"s25\000"
 786 05c8 0A       		.byte	0xa
 787 05c9 6B01     		.2byte	0x16b
 788 05cb 11       		.byte	0x11
 789 05cc 05050000 		.4byte	0x505
 790 05d0 24       		.byte	0x24
 791 05d1 0A       		.uleb128 0xa
 792 05d2 73323600 		.ascii	"s26\000"
 793 05d6 0A       		.byte	0xa
 794 05d7 6C01     		.2byte	0x16c
 795 05d9 11       		.byte	0x11
 796 05da 05050000 		.4byte	0x505
 797 05de 28       		.byte	0x28
 798 05df 0A       		.uleb128 0xa
ARM GAS  /tmp//ccqFPxZM.s 			page 15


 799 05e0 73323700 		.ascii	"s27\000"
 800 05e4 0A       		.byte	0xa
 801 05e5 6D01     		.2byte	0x16d
 802 05e7 11       		.byte	0x11
 803 05e8 05050000 		.4byte	0x505
 804 05ec 2C       		.byte	0x2c
 805 05ed 0A       		.uleb128 0xa
 806 05ee 73323800 		.ascii	"s28\000"
 807 05f2 0A       		.byte	0xa
 808 05f3 6E01     		.2byte	0x16e
 809 05f5 11       		.byte	0x11
 810 05f6 05050000 		.4byte	0x505
 811 05fa 30       		.byte	0x30
 812 05fb 0A       		.uleb128 0xa
 813 05fc 73323900 		.ascii	"s29\000"
 814 0600 0A       		.byte	0xa
 815 0601 6F01     		.2byte	0x16f
 816 0603 11       		.byte	0x11
 817 0604 05050000 		.4byte	0x505
 818 0608 34       		.byte	0x34
 819 0609 0A       		.uleb128 0xa
 820 060a 73333000 		.ascii	"s30\000"
 821 060e 0A       		.byte	0xa
 822 060f 7001     		.2byte	0x170
 823 0611 11       		.byte	0x11
 824 0612 05050000 		.4byte	0x505
 825 0616 38       		.byte	0x38
 826 0617 0A       		.uleb128 0xa
 827 0618 73333100 		.ascii	"s31\000"
 828 061c 0A       		.byte	0xa
 829 061d 7101     		.2byte	0x171
 830 061f 11       		.byte	0x11
 831 0620 05050000 		.4byte	0x505
 832 0624 3C       		.byte	0x3c
 833 0625 0A       		.uleb128 0xa
 834 0626 723400   		.ascii	"r4\000"
 835 0629 0A       		.byte	0xa
 836 062a 7301     		.2byte	0x173
 837 062c 11       		.byte	0x11
 838 062d 05050000 		.4byte	0x505
 839 0631 40       		.byte	0x40
 840 0632 0A       		.uleb128 0xa
 841 0633 723500   		.ascii	"r5\000"
 842 0636 0A       		.byte	0xa
 843 0637 7401     		.2byte	0x174
 844 0639 11       		.byte	0x11
 845 063a 05050000 		.4byte	0x505
 846 063e 44       		.byte	0x44
 847 063f 0A       		.uleb128 0xa
 848 0640 723600   		.ascii	"r6\000"
 849 0643 0A       		.byte	0xa
 850 0644 7501     		.2byte	0x175
 851 0646 11       		.byte	0x11
 852 0647 05050000 		.4byte	0x505
 853 064b 48       		.byte	0x48
 854 064c 0A       		.uleb128 0xa
 855 064d 723700   		.ascii	"r7\000"
ARM GAS  /tmp//ccqFPxZM.s 			page 16


 856 0650 0A       		.byte	0xa
 857 0651 7601     		.2byte	0x176
 858 0653 11       		.byte	0x11
 859 0654 05050000 		.4byte	0x505
 860 0658 4C       		.byte	0x4c
 861 0659 0A       		.uleb128 0xa
 862 065a 723800   		.ascii	"r8\000"
 863 065d 0A       		.byte	0xa
 864 065e 7701     		.2byte	0x177
 865 0660 11       		.byte	0x11
 866 0661 05050000 		.4byte	0x505
 867 0665 50       		.byte	0x50
 868 0666 0A       		.uleb128 0xa
 869 0667 723900   		.ascii	"r9\000"
 870 066a 0A       		.byte	0xa
 871 066b 7801     		.2byte	0x178
 872 066d 11       		.byte	0x11
 873 066e 05050000 		.4byte	0x505
 874 0672 54       		.byte	0x54
 875 0673 0A       		.uleb128 0xa
 876 0674 72313000 		.ascii	"r10\000"
 877 0678 0A       		.byte	0xa
 878 0679 7901     		.2byte	0x179
 879 067b 11       		.byte	0x11
 880 067c 05050000 		.4byte	0x505
 881 0680 58       		.byte	0x58
 882 0681 0A       		.uleb128 0xa
 883 0682 72313100 		.ascii	"r11\000"
 884 0686 0A       		.byte	0xa
 885 0687 7A01     		.2byte	0x17a
 886 0689 11       		.byte	0x11
 887 068a 05050000 		.4byte	0x505
 888 068e 5C       		.byte	0x5c
 889 068f 0A       		.uleb128 0xa
 890 0690 6C7200   		.ascii	"lr\000"
 891 0693 0A       		.byte	0xa
 892 0694 7B01     		.2byte	0x17b
 893 0696 11       		.byte	0x11
 894 0697 05050000 		.4byte	0x505
 895 069b 60       		.byte	0x60
 896 069c 00       		.byte	0
 897 069d 0C       		.uleb128 0xc
 898 069e 04       		.byte	0x4
 899 069f 37050000 		.4byte	0x537
 900 06a3 18       		.uleb128 0x18
 901 06a4 08       		.byte	0x8
 902 06a5 0B       		.byte	0xb
 903 06a6 7F       		.byte	0x7f
 904 06a7 05       		.byte	0x5
 905 06a8 C7060000 		.4byte	0x6c7
 906 06ac 09       		.uleb128 0x9
 907 06ad 6E747000 		.ascii	"ntp\000"
 908 06b1 0B       		.byte	0xb
 909 06b2 83       		.byte	0x83
 910 06b3 1E       		.byte	0x1e
 911 06b4 54020000 		.4byte	0x254
 912 06b8 00       		.byte	0
ARM GAS  /tmp//ccqFPxZM.s 			page 17


 913 06b9 08       		.uleb128 0x8
 914 06ba 15060000 		.4byte	.LASF82
 915 06be 0B       		.byte	0xb
 916 06bf 87       		.byte	0x87
 917 06c0 1E       		.byte	0x1e
 918 06c1 41030000 		.4byte	0x341
 919 06c5 04       		.byte	0x4
 920 06c6 00       		.byte	0
 921 06c7 18       		.uleb128 0x18
 922 06c8 04       		.byte	0x4
 923 06c9 0B       		.byte	0xb
 924 06ca 8C       		.byte	0x8c
 925 06cb 05       		.byte	0x5
 926 06cc DE060000 		.4byte	0x6de
 927 06d0 08       		.uleb128 0x8
 928 06d1 E1020000 		.4byte	.LASF33
 929 06d5 0B       		.byte	0xb
 930 06d6 90       		.byte	0x90
 931 06d7 1E       		.byte	0x1e
 932 06d8 DE060000 		.4byte	0x6de
 933 06dc 00       		.byte	0
 934 06dd 00       		.byte	0
 935 06de 0C       		.uleb128 0xc
 936 06df 04       		.byte	0x4
 937 06e0 F0060000 		.4byte	0x6f0
 938 06e4 06       		.uleb128 0x6
 939 06e5 DE060000 		.4byte	0x6de
 940 06e9 03       		.uleb128 0x3
 941 06ea 01       		.byte	0x1
 942 06eb 08       		.byte	0x8
 943 06ec 3C050000 		.4byte	.LASF83
 944 06f0 05       		.uleb128 0x5
 945 06f1 E9060000 		.4byte	0x6e9
 946 06f5 18       		.uleb128 0x18
 947 06f6 04       		.byte	0x4
 948 06f7 0B       		.byte	0xb
 949 06f8 95       		.byte	0x95
 950 06f9 05       		.byte	0x5
 951 06fa 0C070000 		.4byte	0x70c
 952 06fe 08       		.uleb128 0x8
 953 06ff B4040000 		.4byte	.LASF84
 954 0703 0B       		.byte	0xb
 955 0704 99       		.byte	0x99
 956 0705 1E       		.byte	0x1e
 957 0706 DE060000 		.4byte	0x6de
 958 070a 00       		.byte	0
 959 070b 00       		.byte	0
 960 070c 18       		.uleb128 0x18
 961 070d 08       		.byte	0x8
 962 070e 0B       		.byte	0xb
 963 070f 9E       		.byte	0x9e
 964 0710 05       		.byte	0x5
 965 0711 30070000 		.4byte	0x730
 966 0715 09       		.uleb128 0x9
 967 0716 75703100 		.ascii	"up1\000"
 968 071a 0B       		.byte	0xb
 969 071b A2       		.byte	0xa2
ARM GAS  /tmp//ccqFPxZM.s 			page 18


 970 071c 1E       		.byte	0x1e
 971 071d 41030000 		.4byte	0x341
 972 0721 00       		.byte	0
 973 0722 09       		.uleb128 0x9
 974 0723 75703200 		.ascii	"up2\000"
 975 0727 0B       		.byte	0xb
 976 0728 A6       		.byte	0xa6
 977 0729 1E       		.byte	0x1e
 978 072a 41030000 		.4byte	0x341
 979 072e 04       		.byte	0x4
 980 072f 00       		.byte	0
 981 0730 19       		.uleb128 0x19
 982 0731 08       		.byte	0x8
 983 0732 0B       		.byte	0xb
 984 0733 7B       		.byte	0x7b
 985 0734 03       		.byte	0x3
 986 0735 69070000 		.4byte	0x769
 987 0739 1A       		.uleb128 0x1a
 988 073a 737700   		.ascii	"sw\000"
 989 073d 0B       		.byte	0xb
 990 073e 88       		.byte	0x88
 991 073f 07       		.byte	0x7
 992 0740 A3060000 		.4byte	0x6a3
 993 0744 1A       		.uleb128 0x1a
 994 0745 69737200 		.ascii	"isr\000"
 995 0749 0B       		.byte	0xb
 996 074a 91       		.byte	0x91
 997 074b 07       		.byte	0x7
 998 074c C7060000 		.4byte	0x6c7
 999 0750 1B       		.uleb128 0x1b
 1000 0751 9E040000 		.4byte	.LASF85
 1001 0755 0B       		.byte	0xb
 1002 0756 9A       		.byte	0x9a
 1003 0757 07       		.byte	0x7
 1004 0758 F5060000 		.4byte	0x6f5
 1005 075c 1B       		.uleb128 0x1b
 1006 075d 47040000 		.4byte	.LASF86
 1007 0761 0B       		.byte	0xb
 1008 0762 A7       		.byte	0xa7
 1009 0763 07       		.byte	0x7
 1010 0764 0C070000 		.4byte	0x70c
 1011 0768 00       		.byte	0
 1012 0769 18       		.uleb128 0x18
 1013 076a 10       		.byte	0x10
 1014 076b 0B       		.byte	0xb
 1015 076c 68       		.byte	0x68
 1016 076d 09       		.byte	0x9
 1017 076e BB070000 		.4byte	0x7bb
 1018 0772 1C       		.uleb128 0x1c
 1019 0773 61000000 		.4byte	.LASF87
 1020 0777 0B       		.byte	0xb
 1021 0778 6C       		.byte	0x6c
 1022 0779 19       		.byte	0x19
 1023 077a D4000000 		.4byte	0xd4
 1024 077e 04       		.byte	0x4
 1025 077f 03       		.byte	0x3
 1026 0780 1D       		.byte	0x1d
ARM GAS  /tmp//ccqFPxZM.s 			page 19


 1027 0781 00       		.byte	0
 1028 0782 1C       		.uleb128 0x1c
 1029 0783 1A010000 		.4byte	.LASF35
 1030 0787 0B       		.byte	0xb
 1031 0788 70       		.byte	0x70
 1032 0789 19       		.byte	0x19
 1033 078a D4000000 		.4byte	0xd4
 1034 078e 04       		.byte	0x4
 1035 078f 05       		.byte	0x5
 1036 0790 18       		.byte	0x18
 1037 0791 00       		.byte	0
 1038 0792 1C       		.uleb128 0x1c
 1039 0793 7A030000 		.4byte	.LASF88
 1040 0797 0B       		.byte	0xb
 1041 0798 76       		.byte	0x76
 1042 0799 19       		.byte	0x19
 1043 079a D4000000 		.4byte	0xd4
 1044 079e 04       		.byte	0x4
 1045 079f 18       		.byte	0x18
 1046 07a0 00       		.byte	0
 1047 07a1 00       		.byte	0
 1048 07a2 08       		.uleb128 0x8
 1049 07a3 F9030000 		.4byte	.LASF89
 1050 07a7 0B       		.byte	0xb
 1051 07a8 7A       		.byte	0x7a
 1052 07a9 19       		.byte	0x19
 1053 07aa 92040000 		.4byte	0x492
 1054 07ae 04       		.byte	0x4
 1055 07af 09       		.uleb128 0x9
 1056 07b0 7500     		.ascii	"u\000"
 1057 07b2 0B       		.byte	0xb
 1058 07b3 A8       		.byte	0xa8
 1059 07b4 05       		.byte	0x5
 1060 07b5 30070000 		.4byte	0x730
 1061 07b9 08       		.byte	0x8
 1062 07ba 00       		.byte	0
 1063 07bb 04       		.uleb128 0x4
 1064 07bc 64010000 		.4byte	.LASF90
 1065 07c0 0B       		.byte	0xb
 1066 07c1 A9       		.byte	0xa9
 1067 07c2 03       		.byte	0x3
 1068 07c3 69070000 		.4byte	0x769
 1069 07c7 1D       		.uleb128 0x1d
 1070 07c8 0808     		.2byte	0x808
 1071 07ca 0B       		.byte	0xb
 1072 07cb AF       		.byte	0xaf
 1073 07cc 09       		.byte	0x9
 1074 07cd 06080000 		.4byte	0x806
 1075 07d1 08       		.uleb128 0x8
 1076 07d2 66000000 		.4byte	.LASF91
 1077 07d6 0B       		.byte	0xb
 1078 07d7 B3       		.byte	0xb3
 1079 07d8 19       		.byte	0x19
 1080 07d9 B7000000 		.4byte	0xb7
 1081 07dd 00       		.byte	0
 1082 07de 08       		.uleb128 0x8
 1083 07df 08010000 		.4byte	.LASF92
ARM GAS  /tmp//ccqFPxZM.s 			page 20


 1084 07e3 0B       		.byte	0xb
 1085 07e4 B7       		.byte	0xb7
 1086 07e5 19       		.byte	0x19
 1087 07e6 B7000000 		.4byte	0xb7
 1088 07ea 02       		.byte	0x2
 1089 07eb 09       		.uleb128 0x9
 1090 07ec 70747200 		.ascii	"ptr\000"
 1091 07f0 0B       		.byte	0xb
 1092 07f1 BB       		.byte	0xbb
 1093 07f2 1A       		.byte	0x1a
 1094 07f3 06080000 		.4byte	0x806
 1095 07f7 04       		.byte	0x4
 1096 07f8 08       		.uleb128 0x8
 1097 07f9 4E020000 		.4byte	.LASF93
 1098 07fd 0B       		.byte	0xb
 1099 07fe BF       		.byte	0xbf
 1100 07ff 19       		.byte	0x19
 1101 0800 0C080000 		.4byte	0x80c
 1102 0804 08       		.byte	0x8
 1103 0805 00       		.byte	0
 1104 0806 0C       		.uleb128 0xc
 1105 0807 04       		.byte	0x4
 1106 0808 BB070000 		.4byte	0x7bb
 1107 080c 16       		.uleb128 0x16
 1108 080d BB070000 		.4byte	0x7bb
 1109 0811 1C080000 		.4byte	0x81c
 1110 0815 17       		.uleb128 0x17
 1111 0816 24000000 		.4byte	0x24
 1112 081a 7F       		.byte	0x7f
 1113 081b 00       		.byte	0
 1114 081c 04       		.uleb128 0x4
 1115 081d 87000000 		.4byte	.LASF94
 1116 0821 0B       		.byte	0xb
 1117 0822 C0       		.byte	0xc0
 1118 0823 03       		.byte	0x3
 1119 0824 C7070000 		.4byte	0x7c7
 1120 0828 18       		.uleb128 0x18
 1121 0829 04       		.byte	0x4
 1122 082a 0C       		.byte	0xc
 1123 082b 38       		.byte	0x38
 1124 082c 09       		.byte	0x9
 1125 082d 3F080000 		.4byte	0x83f
 1126 0831 08       		.uleb128 0x8
 1127 0832 83050000 		.4byte	.LASF95
 1128 0836 0C       		.byte	0xc
 1129 0837 3C       		.byte	0x3c
 1130 0838 19       		.byte	0x19
 1131 0839 EC000000 		.4byte	0xec
 1132 083d 00       		.byte	0
 1133 083e 00       		.byte	0
 1134 083f 04       		.uleb128 0x4
 1135 0840 E8030000 		.4byte	.LASF96
 1136 0844 0C       		.byte	0xc
 1137 0845 3D       		.byte	0x3d
 1138 0846 03       		.byte	0x3
 1139 0847 28080000 		.4byte	0x828
 1140 084b 19       		.uleb128 0x19
ARM GAS  /tmp//ccqFPxZM.s 			page 21


 1141 084c 04       		.byte	0x4
 1142 084d 05       		.byte	0x5
 1143 084e C6       		.byte	0xc6
 1144 084f 03       		.byte	0x3
 1145 0850 B6080000 		.4byte	0x8b6
 1146 0854 1B       		.uleb128 0x1b
 1147 0855 19000000 		.4byte	.LASF97
 1148 0859 05       		.byte	0x5
 1149 085a CD       		.byte	0xcd
 1150 085b 19       		.byte	0x19
 1151 085c 28010000 		.4byte	0x128
 1152 0860 1B       		.uleb128 0x1b
 1153 0861 99000000 		.4byte	.LASF98
 1154 0865 05       		.byte	0x5
 1155 0866 D4       		.byte	0xd4
 1156 0867 19       		.byte	0x19
 1157 0868 28010000 		.4byte	0x128
 1158 086c 1B       		.uleb128 0x1b
 1159 086d 15060000 		.4byte	.LASF82
 1160 0871 05       		.byte	0x5
 1161 0872 DB       		.byte	0xdb
 1162 0873 1A       		.byte	0x1a
 1163 0874 41030000 		.4byte	0x341
 1164 0878 1B       		.uleb128 0x1b
 1165 0879 0D000000 		.4byte	.LASF99
 1166 087d 05       		.byte	0x5
 1167 087e E2       		.byte	0xe2
 1168 087f 1A       		.byte	0x1a
 1169 0880 B6080000 		.4byte	0x8b6
 1170 0884 1B       		.uleb128 0x1b
 1171 0885 AD000000 		.4byte	.LASF100
 1172 0889 05       		.byte	0x5
 1173 088a E7       		.byte	0xe7
 1174 088b 19       		.byte	0x19
 1175 088c 28010000 		.4byte	0x128
 1176 0890 1B       		.uleb128 0x1b
 1177 0891 D1020000 		.4byte	.LASF101
 1178 0895 05       		.byte	0x5
 1179 0896 F0       		.byte	0xf0
 1180 0897 1A       		.byte	0x1a
 1181 0898 E4080000 		.4byte	0x8e4
 1182 089c 1B       		.uleb128 0x1b
 1183 089d 06050000 		.4byte	.LASF102
 1184 08a1 05       		.byte	0x5
 1185 08a2 F9       		.byte	0xf9
 1186 08a3 1A       		.byte	0x1a
 1187 08a4 1F090000 		.4byte	0x91f
 1188 08a8 1E       		.uleb128 0x1e
 1189 08a9 A3040000 		.4byte	.LASF103
 1190 08ad 05       		.byte	0x5
 1191 08ae 0101     		.2byte	0x101
 1192 08b0 19       		.byte	0x19
 1193 08b1 34010000 		.4byte	0x134
 1194 08b5 00       		.byte	0
 1195 08b6 0C       		.uleb128 0xc
 1196 08b7 04       		.byte	0x4
 1197 08b8 48020000 		.4byte	0x248
ARM GAS  /tmp//ccqFPxZM.s 			page 22


 1198 08bc 07       		.uleb128 0x7
 1199 08bd CC040000 		.4byte	.LASF104
 1200 08c1 0C       		.byte	0xc
 1201 08c2 0D       		.byte	0xd
 1202 08c3 34       		.byte	0x34
 1203 08c4 10       		.byte	0x10
 1204 08c5 E4080000 		.4byte	0x8e4
 1205 08c9 08       		.uleb128 0x8
 1206 08ca E6020000 		.4byte	.LASF29
 1207 08ce 0D       		.byte	0xd
 1208 08cf 35       		.byte	0x35
 1209 08d0 19       		.byte	0x19
 1210 08d1 81020000 		.4byte	0x281
 1211 08d5 00       		.byte	0
 1212 08d6 09       		.uleb128 0x9
 1213 08d7 636E7400 		.ascii	"cnt\000"
 1214 08db 0D       		.byte	0xd
 1215 08dc 37       		.byte	0x37
 1216 08dd 19       		.byte	0x19
 1217 08de 40010000 		.4byte	0x140
 1218 08e2 08       		.byte	0x8
 1219 08e3 00       		.byte	0
 1220 08e4 0C       		.uleb128 0xc
 1221 08e5 04       		.byte	0x4
 1222 08e6 BC080000 		.4byte	0x8bc
 1223 08ea 07       		.uleb128 0x7
 1224 08eb F5050000 		.4byte	.LASF105
 1225 08ef 10       		.byte	0x10
 1226 08f0 0E       		.byte	0xe
 1227 08f1 39       		.byte	0x39
 1228 08f2 08       		.byte	0x8
 1229 08f3 1F090000 		.4byte	0x91f
 1230 08f7 08       		.uleb128 0x8
 1231 08f8 E6020000 		.4byte	.LASF29
 1232 08fc 0E       		.byte	0xe
 1233 08fd 3A       		.byte	0x3a
 1234 08fe 19       		.byte	0x19
 1235 08ff 81020000 		.4byte	0x281
 1236 0903 00       		.byte	0
 1237 0904 08       		.uleb128 0x8
 1238 0905 1D050000 		.4byte	.LASF106
 1239 0909 0E       		.byte	0xe
 1240 090a 3C       		.byte	0x3c
 1241 090b 1A       		.byte	0x1a
 1242 090c 54020000 		.4byte	0x254
 1243 0910 08       		.byte	0x8
 1244 0911 08       		.uleb128 0x8
 1245 0912 D8000000 		.4byte	.LASF48
 1246 0916 0E       		.byte	0xe
 1247 0917 3E       		.byte	0x3e
 1248 0918 1A       		.byte	0x1a
 1249 0919 820A0000 		.4byte	0xa82
 1250 091d 0C       		.byte	0xc
 1251 091e 00       		.byte	0
 1252 091f 0C       		.uleb128 0xc
 1253 0920 04       		.byte	0x4
 1254 0921 EA080000 		.4byte	0x8ea
ARM GAS  /tmp//ccqFPxZM.s 			page 23


 1255 0925 0C       		.uleb128 0xc
 1256 0926 04       		.byte	0x4
 1257 0927 11050000 		.4byte	0x511
 1258 092b 0C       		.uleb128 0xc
 1259 092c 04       		.byte	0x4
 1260 092d 43030000 		.4byte	0x343
 1261 0931 1F       		.uleb128 0x1f
 1262 0932 636800   		.ascii	"ch\000"
 1263 0935 05       		.byte	0x5
 1264 0936 C701     		.2byte	0x1c7
 1265 0938 14       		.byte	0x14
 1266 0939 2F040000 		.4byte	0x42f
 1267 093d 16       		.uleb128 0x16
 1268 093e 11050000 		.4byte	0x511
 1269 0942 48090000 		.4byte	0x948
 1270 0946 20       		.uleb128 0x20
 1271 0947 00       		.byte	0
 1272 0948 14       		.uleb128 0x14
 1273 0949 E2040000 		.4byte	.LASF107
 1274 094d 0F       		.byte	0xf
 1275 094e 1701     		.2byte	0x117
 1276 0950 13       		.byte	0x13
 1277 0951 3D090000 		.4byte	0x93d
 1278 0955 18       		.uleb128 0x18
 1279 0956 16       		.byte	0x16
 1280 0957 10       		.byte	0x10
 1281 0958 34       		.byte	0x34
 1282 0959 09       		.byte	0x9
 1283 095a 490A0000 		.4byte	0xa49
 1284 095e 08       		.uleb128 0x8
 1285 095f A7050000 		.4byte	.LASF108
 1286 0963 10       		.byte	0x10
 1287 0964 35       		.byte	0x35
 1288 0965 0D       		.byte	0xd
 1289 0966 490A0000 		.4byte	0xa49
 1290 096a 00       		.byte	0
 1291 096b 08       		.uleb128 0x8
 1292 096c 81020000 		.4byte	.LASF109
 1293 0970 10       		.byte	0x10
 1294 0971 36       		.byte	0x36
 1295 0972 0D       		.byte	0xd
 1296 0973 A6000000 		.4byte	0xa6
 1297 0977 04       		.byte	0x4
 1298 0978 08       		.uleb128 0x8
 1299 0979 08010000 		.4byte	.LASF92
 1300 097d 10       		.byte	0x10
 1301 097e 37       		.byte	0x37
 1302 097f 0D       		.byte	0xd
 1303 0980 A6000000 		.4byte	0xa6
 1304 0984 05       		.byte	0x5
 1305 0985 08       		.uleb128 0x8
 1306 0986 8B030000 		.4byte	.LASF110
 1307 098a 10       		.byte	0x10
 1308 098b 38       		.byte	0x38
 1309 098c 0D       		.byte	0xd
 1310 098d B7000000 		.4byte	0xb7
 1311 0991 06       		.byte	0x6
ARM GAS  /tmp//ccqFPxZM.s 			page 24


 1312 0992 08       		.uleb128 0x8
 1313 0993 DD050000 		.4byte	.LASF111
 1314 0997 10       		.byte	0x10
 1315 0998 39       		.byte	0x39
 1316 0999 0D       		.byte	0xd
 1317 099a A6000000 		.4byte	0xa6
 1318 099e 08       		.byte	0x8
 1319 099f 08       		.uleb128 0x8
 1320 09a0 F4040000 		.4byte	.LASF112
 1321 09a4 10       		.byte	0x10
 1322 09a5 3A       		.byte	0x3a
 1323 09a6 0D       		.byte	0xd
 1324 09a7 A6000000 		.4byte	0xa6
 1325 09ab 09       		.byte	0x9
 1326 09ac 08       		.uleb128 0x8
 1327 09ad 54040000 		.4byte	.LASF113
 1328 09b1 10       		.byte	0x10
 1329 09b2 3B       		.byte	0x3b
 1330 09b3 0D       		.byte	0xd
 1331 09b4 A6000000 		.4byte	0xa6
 1332 09b8 0A       		.byte	0xa
 1333 09b9 08       		.uleb128 0x8
 1334 09ba 75040000 		.4byte	.LASF114
 1335 09be 10       		.byte	0x10
 1336 09bf 3C       		.byte	0x3c
 1337 09c0 0D       		.byte	0xd
 1338 09c1 A6000000 		.4byte	0xa6
 1339 09c5 0B       		.byte	0xb
 1340 09c6 08       		.uleb128 0x8
 1341 09c7 20030000 		.4byte	.LASF115
 1342 09cb 10       		.byte	0x10
 1343 09cc 3D       		.byte	0x3d
 1344 09cd 0D       		.byte	0xd
 1345 09ce A6000000 		.4byte	0xa6
 1346 09d2 0C       		.byte	0xc
 1347 09d3 08       		.uleb128 0x8
 1348 09d4 D1030000 		.4byte	.LASF116
 1349 09d8 10       		.byte	0x10
 1350 09d9 3E       		.byte	0x3e
 1351 09da 0D       		.byte	0xd
 1352 09db A6000000 		.4byte	0xa6
 1353 09df 0D       		.byte	0xd
 1354 09e0 08       		.uleb128 0x8
 1355 09e1 8A050000 		.4byte	.LASF117
 1356 09e5 10       		.byte	0x10
 1357 09e6 3F       		.byte	0x3f
 1358 09e7 0D       		.byte	0xd
 1359 09e8 A6000000 		.4byte	0xa6
 1360 09ec 0E       		.byte	0xe
 1361 09ed 08       		.uleb128 0x8
 1362 09ee FE050000 		.4byte	.LASF118
 1363 09f2 10       		.byte	0x10
 1364 09f3 40       		.byte	0x40
 1365 09f4 0D       		.byte	0xd
 1366 09f5 A6000000 		.4byte	0xa6
 1367 09f9 0F       		.byte	0xf
 1368 09fa 08       		.uleb128 0x8
ARM GAS  /tmp//ccqFPxZM.s 			page 25


 1369 09fb 7E040000 		.4byte	.LASF119
 1370 09ff 10       		.byte	0x10
 1371 0a00 41       		.byte	0x41
 1372 0a01 0D       		.byte	0xd
 1373 0a02 A6000000 		.4byte	0xa6
 1374 0a06 10       		.byte	0x10
 1375 0a07 08       		.uleb128 0x8
 1376 0a08 2B060000 		.4byte	.LASF120
 1377 0a0c 10       		.byte	0x10
 1378 0a0d 42       		.byte	0x42
 1379 0a0e 0D       		.byte	0xd
 1380 0a0f A6000000 		.4byte	0xa6
 1381 0a13 11       		.byte	0x11
 1382 0a14 08       		.uleb128 0x8
 1383 0a15 42060000 		.4byte	.LASF121
 1384 0a19 10       		.byte	0x10
 1385 0a1a 43       		.byte	0x43
 1386 0a1b 0D       		.byte	0xd
 1387 0a1c A6000000 		.4byte	0xa6
 1388 0a20 12       		.byte	0x12
 1389 0a21 08       		.uleb128 0x8
 1390 0a22 F2020000 		.4byte	.LASF122
 1391 0a26 10       		.byte	0x10
 1392 0a27 44       		.byte	0x44
 1393 0a28 0D       		.byte	0xd
 1394 0a29 A6000000 		.4byte	0xa6
 1395 0a2d 13       		.byte	0x13
 1396 0a2e 08       		.uleb128 0x8
 1397 0a2f 42020000 		.4byte	.LASF123
 1398 0a33 10       		.byte	0x10
 1399 0a34 45       		.byte	0x45
 1400 0a35 0D       		.byte	0xd
 1401 0a36 A6000000 		.4byte	0xa6
 1402 0a3a 14       		.byte	0x14
 1403 0a3b 08       		.uleb128 0x8
 1404 0a3c D9040000 		.4byte	.LASF124
 1405 0a40 10       		.byte	0x10
 1406 0a41 46       		.byte	0x46
 1407 0a42 0D       		.byte	0xd
 1408 0a43 A6000000 		.4byte	0xa6
 1409 0a47 15       		.byte	0x15
 1410 0a48 00       		.byte	0
 1411 0a49 16       		.uleb128 0x16
 1412 0a4a E9060000 		.4byte	0x6e9
 1413 0a4e 590A0000 		.4byte	0xa59
 1414 0a52 17       		.uleb128 0x17
 1415 0a53 24000000 		.4byte	0x24
 1416 0a57 03       		.byte	0x3
 1417 0a58 00       		.byte	0
 1418 0a59 04       		.uleb128 0x4
 1419 0a5a 28040000 		.4byte	.LASF125
 1420 0a5e 10       		.byte	0x10
 1421 0a5f 47       		.byte	0x47
 1422 0a60 03       		.byte	0x3
 1423 0a61 55090000 		.4byte	0x955
 1424 0a65 05       		.uleb128 0x5
 1425 0a66 590A0000 		.4byte	0xa59
ARM GAS  /tmp//ccqFPxZM.s 			page 26


 1426 0a6a 15       		.uleb128 0x15
 1427 0a6b D8020000 		.4byte	.LASF126
 1428 0a6f 10       		.byte	0x10
 1429 0a70 6C       		.byte	0x6c
 1430 0a71 1D       		.byte	0x1d
 1431 0a72 650A0000 		.4byte	0xa65
 1432 0a76 04       		.uleb128 0x4
 1433 0a77 86020000 		.4byte	.LASF127
 1434 0a7b 0E       		.byte	0xe
 1435 0a7c 34       		.byte	0x34
 1436 0a7d 19       		.byte	0x19
 1437 0a7e EA080000 		.4byte	0x8ea
 1438 0a82 0C       		.uleb128 0xc
 1439 0a83 04       		.byte	0x4
 1440 0a84 760A0000 		.4byte	0xa76
 1441 0a88 18       		.uleb128 0x18
 1442 0a89 08       		.byte	0x8
 1443 0a8a 11       		.byte	0x11
 1444 0a8b 51       		.byte	0x51
 1445 0a8c 09       		.byte	0x9
 1446 0a8d AC0A0000 		.4byte	0xaac
 1447 0a91 08       		.uleb128 0x8
 1448 0a92 54060000 		.4byte	.LASF128
 1449 0a96 11       		.byte	0x11
 1450 0a97 55       		.byte	0x55
 1451 0a98 0C       		.byte	0xc
 1452 0a99 AC0A0000 		.4byte	0xaac
 1453 0a9d 00       		.byte	0
 1454 0a9e 08       		.uleb128 0x8
 1455 0a9f 58030000 		.4byte	.LASF129
 1456 0aa3 11       		.byte	0x11
 1457 0aa4 59       		.byte	0x59
 1458 0aa5 0C       		.byte	0xc
 1459 0aa6 AC0A0000 		.4byte	0xaac
 1460 0aaa 04       		.byte	0x4
 1461 0aab 00       		.byte	0
 1462 0aac 0C       		.uleb128 0xc
 1463 0aad 04       		.byte	0x4
 1464 0aae A6000000 		.4byte	0xa6
 1465 0ab2 04       		.uleb128 0x4
 1466 0ab3 16040000 		.4byte	.LASF130
 1467 0ab7 11       		.byte	0x11
 1468 0ab8 5A       		.byte	0x5a
 1469 0ab9 03       		.byte	0x3
 1470 0aba 880A0000 		.4byte	0xa88
 1471 0abe 15       		.uleb128 0x15
 1472 0abf 5B050000 		.4byte	.LASF131
 1473 0ac3 11       		.byte	0x11
 1474 0ac4 65       		.byte	0x65
 1475 0ac5 12       		.byte	0x12
 1476 0ac6 B20A0000 		.4byte	0xab2
 1477 0aca 00       		.byte	0
 1478              		.section	.gnu.debuglto_.debug_abbrev,"e",%progbits
 1479              	.Ldebug_abbrev0:
 1480 0000 01       		.uleb128 0x1
 1481 0001 11       		.uleb128 0x11
 1482 0002 01       		.byte	0x1
ARM GAS  /tmp//ccqFPxZM.s 			page 27


 1483 0003 25       		.uleb128 0x25
 1484 0004 0E       		.uleb128 0xe
 1485 0005 13       		.uleb128 0x13
 1486 0006 0B       		.uleb128 0xb
 1487 0007 03       		.uleb128 0x3
 1488 0008 0E       		.uleb128 0xe
 1489 0009 1B       		.uleb128 0x1b
 1490 000a 0E       		.uleb128 0xe
 1491 000b 10       		.uleb128 0x10
 1492 000c 17       		.uleb128 0x17
 1493 000d 00       		.byte	0
 1494 000e 00       		.byte	0
 1495 000f 02       		.uleb128 0x2
 1496 0010 24       		.uleb128 0x24
 1497 0011 00       		.byte	0
 1498 0012 0B       		.uleb128 0xb
 1499 0013 0B       		.uleb128 0xb
 1500 0014 3E       		.uleb128 0x3e
 1501 0015 0B       		.uleb128 0xb
 1502 0016 03       		.uleb128 0x3
 1503 0017 08       		.uleb128 0x8
 1504 0018 00       		.byte	0
 1505 0019 00       		.byte	0
 1506 001a 03       		.uleb128 0x3
 1507 001b 24       		.uleb128 0x24
 1508 001c 00       		.byte	0
 1509 001d 0B       		.uleb128 0xb
 1510 001e 0B       		.uleb128 0xb
 1511 001f 3E       		.uleb128 0x3e
 1512 0020 0B       		.uleb128 0xb
 1513 0021 03       		.uleb128 0x3
 1514 0022 0E       		.uleb128 0xe
 1515 0023 00       		.byte	0
 1516 0024 00       		.byte	0
 1517 0025 04       		.uleb128 0x4
 1518 0026 16       		.uleb128 0x16
 1519 0027 00       		.byte	0
 1520 0028 03       		.uleb128 0x3
 1521 0029 0E       		.uleb128 0xe
 1522 002a 3A       		.uleb128 0x3a
 1523 002b 0B       		.uleb128 0xb
 1524 002c 3B       		.uleb128 0x3b
 1525 002d 0B       		.uleb128 0xb
 1526 002e 39       		.uleb128 0x39
 1527 002f 0B       		.uleb128 0xb
 1528 0030 49       		.uleb128 0x49
 1529 0031 13       		.uleb128 0x13
 1530 0032 00       		.byte	0
 1531 0033 00       		.byte	0
 1532 0034 05       		.uleb128 0x5
 1533 0035 26       		.uleb128 0x26
 1534 0036 00       		.byte	0
 1535 0037 49       		.uleb128 0x49
 1536 0038 13       		.uleb128 0x13
 1537 0039 00       		.byte	0
 1538 003a 00       		.byte	0
 1539 003b 06       		.uleb128 0x6
ARM GAS  /tmp//ccqFPxZM.s 			page 28


 1540 003c 35       		.uleb128 0x35
 1541 003d 00       		.byte	0
 1542 003e 49       		.uleb128 0x49
 1543 003f 13       		.uleb128 0x13
 1544 0040 00       		.byte	0
 1545 0041 00       		.byte	0
 1546 0042 07       		.uleb128 0x7
 1547 0043 13       		.uleb128 0x13
 1548 0044 01       		.byte	0x1
 1549 0045 03       		.uleb128 0x3
 1550 0046 0E       		.uleb128 0xe
 1551 0047 0B       		.uleb128 0xb
 1552 0048 0B       		.uleb128 0xb
 1553 0049 3A       		.uleb128 0x3a
 1554 004a 0B       		.uleb128 0xb
 1555 004b 3B       		.uleb128 0x3b
 1556 004c 0B       		.uleb128 0xb
 1557 004d 39       		.uleb128 0x39
 1558 004e 0B       		.uleb128 0xb
 1559 004f 01       		.uleb128 0x1
 1560 0050 13       		.uleb128 0x13
 1561 0051 00       		.byte	0
 1562 0052 00       		.byte	0
 1563 0053 08       		.uleb128 0x8
 1564 0054 0D       		.uleb128 0xd
 1565 0055 00       		.byte	0
 1566 0056 03       		.uleb128 0x3
 1567 0057 0E       		.uleb128 0xe
 1568 0058 3A       		.uleb128 0x3a
 1569 0059 0B       		.uleb128 0xb
 1570 005a 3B       		.uleb128 0x3b
 1571 005b 0B       		.uleb128 0xb
 1572 005c 39       		.uleb128 0x39
 1573 005d 0B       		.uleb128 0xb
 1574 005e 49       		.uleb128 0x49
 1575 005f 13       		.uleb128 0x13
 1576 0060 38       		.uleb128 0x38
 1577 0061 0B       		.uleb128 0xb
 1578 0062 00       		.byte	0
 1579 0063 00       		.byte	0
 1580 0064 09       		.uleb128 0x9
 1581 0065 0D       		.uleb128 0xd
 1582 0066 00       		.byte	0
 1583 0067 03       		.uleb128 0x3
 1584 0068 08       		.uleb128 0x8
 1585 0069 3A       		.uleb128 0x3a
 1586 006a 0B       		.uleb128 0xb
 1587 006b 3B       		.uleb128 0x3b
 1588 006c 0B       		.uleb128 0xb
 1589 006d 39       		.uleb128 0x39
 1590 006e 0B       		.uleb128 0xb
 1591 006f 49       		.uleb128 0x49
 1592 0070 13       		.uleb128 0x13
 1593 0071 38       		.uleb128 0x38
 1594 0072 0B       		.uleb128 0xb
 1595 0073 00       		.byte	0
 1596 0074 00       		.byte	0
ARM GAS  /tmp//ccqFPxZM.s 			page 29


 1597 0075 0A       		.uleb128 0xa
 1598 0076 0D       		.uleb128 0xd
 1599 0077 00       		.byte	0
 1600 0078 03       		.uleb128 0x3
 1601 0079 08       		.uleb128 0x8
 1602 007a 3A       		.uleb128 0x3a
 1603 007b 0B       		.uleb128 0xb
 1604 007c 3B       		.uleb128 0x3b
 1605 007d 05       		.uleb128 0x5
 1606 007e 39       		.uleb128 0x39
 1607 007f 0B       		.uleb128 0xb
 1608 0080 49       		.uleb128 0x49
 1609 0081 13       		.uleb128 0x13
 1610 0082 38       		.uleb128 0x38
 1611 0083 0B       		.uleb128 0xb
 1612 0084 00       		.byte	0
 1613 0085 00       		.byte	0
 1614 0086 0B       		.uleb128 0xb
 1615 0087 0D       		.uleb128 0xd
 1616 0088 00       		.byte	0
 1617 0089 03       		.uleb128 0x3
 1618 008a 0E       		.uleb128 0xe
 1619 008b 3A       		.uleb128 0x3a
 1620 008c 0B       		.uleb128 0xb
 1621 008d 3B       		.uleb128 0x3b
 1622 008e 05       		.uleb128 0x5
 1623 008f 39       		.uleb128 0x39
 1624 0090 0B       		.uleb128 0xb
 1625 0091 49       		.uleb128 0x49
 1626 0092 13       		.uleb128 0x13
 1627 0093 38       		.uleb128 0x38
 1628 0094 0B       		.uleb128 0xb
 1629 0095 00       		.byte	0
 1630 0096 00       		.byte	0
 1631 0097 0C       		.uleb128 0xc
 1632 0098 0F       		.uleb128 0xf
 1633 0099 00       		.byte	0
 1634 009a 0B       		.uleb128 0xb
 1635 009b 0B       		.uleb128 0xb
 1636 009c 49       		.uleb128 0x49
 1637 009d 13       		.uleb128 0x13
 1638 009e 00       		.byte	0
 1639 009f 00       		.byte	0
 1640 00a0 0D       		.uleb128 0xd
 1641 00a1 13       		.uleb128 0x13
 1642 00a2 01       		.byte	0x1
 1643 00a3 03       		.uleb128 0x3
 1644 00a4 0E       		.uleb128 0xe
 1645 00a5 0B       		.uleb128 0xb
 1646 00a6 0B       		.uleb128 0xb
 1647 00a7 3A       		.uleb128 0x3a
 1648 00a8 0B       		.uleb128 0xb
 1649 00a9 3B       		.uleb128 0x3b
 1650 00aa 05       		.uleb128 0x5
 1651 00ab 39       		.uleb128 0x39
 1652 00ac 0B       		.uleb128 0xb
 1653 00ad 01       		.uleb128 0x1
ARM GAS  /tmp//ccqFPxZM.s 			page 30


 1654 00ae 13       		.uleb128 0x13
 1655 00af 00       		.byte	0
 1656 00b0 00       		.byte	0
 1657 00b1 0E       		.uleb128 0xe
 1658 00b2 15       		.uleb128 0x15
 1659 00b3 01       		.byte	0x1
 1660 00b4 27       		.uleb128 0x27
 1661 00b5 19       		.uleb128 0x19
 1662 00b6 01       		.uleb128 0x1
 1663 00b7 13       		.uleb128 0x13
 1664 00b8 00       		.byte	0
 1665 00b9 00       		.byte	0
 1666 00ba 0F       		.uleb128 0xf
 1667 00bb 05       		.uleb128 0x5
 1668 00bc 00       		.byte	0
 1669 00bd 49       		.uleb128 0x49
 1670 00be 13       		.uleb128 0x13
 1671 00bf 00       		.byte	0
 1672 00c0 00       		.byte	0
 1673 00c1 10       		.uleb128 0x10
 1674 00c2 0F       		.uleb128 0xf
 1675 00c3 00       		.byte	0
 1676 00c4 0B       		.uleb128 0xb
 1677 00c5 0B       		.uleb128 0xb
 1678 00c6 00       		.byte	0
 1679 00c7 00       		.byte	0
 1680 00c8 11       		.uleb128 0x11
 1681 00c9 13       		.uleb128 0x13
 1682 00ca 01       		.byte	0x1
 1683 00cb 03       		.uleb128 0x3
 1684 00cc 0E       		.uleb128 0xe
 1685 00cd 0B       		.uleb128 0xb
 1686 00ce 05       		.uleb128 0x5
 1687 00cf 3A       		.uleb128 0x3a
 1688 00d0 0B       		.uleb128 0xb
 1689 00d1 3B       		.uleb128 0x3b
 1690 00d2 05       		.uleb128 0x5
 1691 00d3 39       		.uleb128 0x39
 1692 00d4 0B       		.uleb128 0xb
 1693 00d5 01       		.uleb128 0x1
 1694 00d6 13       		.uleb128 0x13
 1695 00d7 00       		.byte	0
 1696 00d8 00       		.byte	0
 1697 00d9 12       		.uleb128 0x12
 1698 00da 0D       		.uleb128 0xd
 1699 00db 00       		.byte	0
 1700 00dc 03       		.uleb128 0x3
 1701 00dd 0E       		.uleb128 0xe
 1702 00de 3A       		.uleb128 0x3a
 1703 00df 0B       		.uleb128 0xb
 1704 00e0 3B       		.uleb128 0x3b
 1705 00e1 05       		.uleb128 0x5
 1706 00e2 39       		.uleb128 0x39
 1707 00e3 0B       		.uleb128 0xb
 1708 00e4 49       		.uleb128 0x49
 1709 00e5 13       		.uleb128 0x13
 1710 00e6 38       		.uleb128 0x38
ARM GAS  /tmp//ccqFPxZM.s 			page 31


 1711 00e7 05       		.uleb128 0x5
 1712 00e8 00       		.byte	0
 1713 00e9 00       		.byte	0
 1714 00ea 13       		.uleb128 0x13
 1715 00eb 0D       		.uleb128 0xd
 1716 00ec 00       		.byte	0
 1717 00ed 03       		.uleb128 0x3
 1718 00ee 08       		.uleb128 0x8
 1719 00ef 3A       		.uleb128 0x3a
 1720 00f0 0B       		.uleb128 0xb
 1721 00f1 3B       		.uleb128 0x3b
 1722 00f2 05       		.uleb128 0x5
 1723 00f3 39       		.uleb128 0x39
 1724 00f4 0B       		.uleb128 0xb
 1725 00f5 49       		.uleb128 0x49
 1726 00f6 13       		.uleb128 0x13
 1727 00f7 38       		.uleb128 0x38
 1728 00f8 05       		.uleb128 0x5
 1729 00f9 00       		.byte	0
 1730 00fa 00       		.byte	0
 1731 00fb 14       		.uleb128 0x14
 1732 00fc 34       		.uleb128 0x34
 1733 00fd 00       		.byte	0
 1734 00fe 03       		.uleb128 0x3
 1735 00ff 0E       		.uleb128 0xe
 1736 0100 3A       		.uleb128 0x3a
 1737 0101 0B       		.uleb128 0xb
 1738 0102 3B       		.uleb128 0x3b
 1739 0103 05       		.uleb128 0x5
 1740 0104 39       		.uleb128 0x39
 1741 0105 0B       		.uleb128 0xb
 1742 0106 49       		.uleb128 0x49
 1743 0107 13       		.uleb128 0x13
 1744 0108 3F       		.uleb128 0x3f
 1745 0109 19       		.uleb128 0x19
 1746 010a 3C       		.uleb128 0x3c
 1747 010b 19       		.uleb128 0x19
 1748 010c 00       		.byte	0
 1749 010d 00       		.byte	0
 1750 010e 15       		.uleb128 0x15
 1751 010f 34       		.uleb128 0x34
 1752 0110 00       		.byte	0
 1753 0111 03       		.uleb128 0x3
 1754 0112 0E       		.uleb128 0xe
 1755 0113 3A       		.uleb128 0x3a
 1756 0114 0B       		.uleb128 0xb
 1757 0115 3B       		.uleb128 0x3b
 1758 0116 0B       		.uleb128 0xb
 1759 0117 39       		.uleb128 0x39
 1760 0118 0B       		.uleb128 0xb
 1761 0119 49       		.uleb128 0x49
 1762 011a 13       		.uleb128 0x13
 1763 011b 3F       		.uleb128 0x3f
 1764 011c 19       		.uleb128 0x19
 1765 011d 3C       		.uleb128 0x3c
 1766 011e 19       		.uleb128 0x19
 1767 011f 00       		.byte	0
ARM GAS  /tmp//ccqFPxZM.s 			page 32


 1768 0120 00       		.byte	0
 1769 0121 16       		.uleb128 0x16
 1770 0122 01       		.uleb128 0x1
 1771 0123 01       		.byte	0x1
 1772 0124 49       		.uleb128 0x49
 1773 0125 13       		.uleb128 0x13
 1774 0126 01       		.uleb128 0x1
 1775 0127 13       		.uleb128 0x13
 1776 0128 00       		.byte	0
 1777 0129 00       		.byte	0
 1778 012a 17       		.uleb128 0x17
 1779 012b 21       		.uleb128 0x21
 1780 012c 00       		.byte	0
 1781 012d 49       		.uleb128 0x49
 1782 012e 13       		.uleb128 0x13
 1783 012f 2F       		.uleb128 0x2f
 1784 0130 0B       		.uleb128 0xb
 1785 0131 00       		.byte	0
 1786 0132 00       		.byte	0
 1787 0133 18       		.uleb128 0x18
 1788 0134 13       		.uleb128 0x13
 1789 0135 01       		.byte	0x1
 1790 0136 0B       		.uleb128 0xb
 1791 0137 0B       		.uleb128 0xb
 1792 0138 3A       		.uleb128 0x3a
 1793 0139 0B       		.uleb128 0xb
 1794 013a 3B       		.uleb128 0x3b
 1795 013b 0B       		.uleb128 0xb
 1796 013c 39       		.uleb128 0x39
 1797 013d 0B       		.uleb128 0xb
 1798 013e 01       		.uleb128 0x1
 1799 013f 13       		.uleb128 0x13
 1800 0140 00       		.byte	0
 1801 0141 00       		.byte	0
 1802 0142 19       		.uleb128 0x19
 1803 0143 17       		.uleb128 0x17
 1804 0144 01       		.byte	0x1
 1805 0145 0B       		.uleb128 0xb
 1806 0146 0B       		.uleb128 0xb
 1807 0147 3A       		.uleb128 0x3a
 1808 0148 0B       		.uleb128 0xb
 1809 0149 3B       		.uleb128 0x3b
 1810 014a 0B       		.uleb128 0xb
 1811 014b 39       		.uleb128 0x39
 1812 014c 0B       		.uleb128 0xb
 1813 014d 01       		.uleb128 0x1
 1814 014e 13       		.uleb128 0x13
 1815 014f 00       		.byte	0
 1816 0150 00       		.byte	0
 1817 0151 1A       		.uleb128 0x1a
 1818 0152 0D       		.uleb128 0xd
 1819 0153 00       		.byte	0
 1820 0154 03       		.uleb128 0x3
 1821 0155 08       		.uleb128 0x8
 1822 0156 3A       		.uleb128 0x3a
 1823 0157 0B       		.uleb128 0xb
 1824 0158 3B       		.uleb128 0x3b
ARM GAS  /tmp//ccqFPxZM.s 			page 33


 1825 0159 0B       		.uleb128 0xb
 1826 015a 39       		.uleb128 0x39
 1827 015b 0B       		.uleb128 0xb
 1828 015c 49       		.uleb128 0x49
 1829 015d 13       		.uleb128 0x13
 1830 015e 00       		.byte	0
 1831 015f 00       		.byte	0
 1832 0160 1B       		.uleb128 0x1b
 1833 0161 0D       		.uleb128 0xd
 1834 0162 00       		.byte	0
 1835 0163 03       		.uleb128 0x3
 1836 0164 0E       		.uleb128 0xe
 1837 0165 3A       		.uleb128 0x3a
 1838 0166 0B       		.uleb128 0xb
 1839 0167 3B       		.uleb128 0x3b
 1840 0168 0B       		.uleb128 0xb
 1841 0169 39       		.uleb128 0x39
 1842 016a 0B       		.uleb128 0xb
 1843 016b 49       		.uleb128 0x49
 1844 016c 13       		.uleb128 0x13
 1845 016d 00       		.byte	0
 1846 016e 00       		.byte	0
 1847 016f 1C       		.uleb128 0x1c
 1848 0170 0D       		.uleb128 0xd
 1849 0171 00       		.byte	0
 1850 0172 03       		.uleb128 0x3
 1851 0173 0E       		.uleb128 0xe
 1852 0174 3A       		.uleb128 0x3a
 1853 0175 0B       		.uleb128 0xb
 1854 0176 3B       		.uleb128 0x3b
 1855 0177 0B       		.uleb128 0xb
 1856 0178 39       		.uleb128 0x39
 1857 0179 0B       		.uleb128 0xb
 1858 017a 49       		.uleb128 0x49
 1859 017b 13       		.uleb128 0x13
 1860 017c 0B       		.uleb128 0xb
 1861 017d 0B       		.uleb128 0xb
 1862 017e 0D       		.uleb128 0xd
 1863 017f 0B       		.uleb128 0xb
 1864 0180 0C       		.uleb128 0xc
 1865 0181 0B       		.uleb128 0xb
 1866 0182 38       		.uleb128 0x38
 1867 0183 0B       		.uleb128 0xb
 1868 0184 00       		.byte	0
 1869 0185 00       		.byte	0
 1870 0186 1D       		.uleb128 0x1d
 1871 0187 13       		.uleb128 0x13
 1872 0188 01       		.byte	0x1
 1873 0189 0B       		.uleb128 0xb
 1874 018a 05       		.uleb128 0x5
 1875 018b 3A       		.uleb128 0x3a
 1876 018c 0B       		.uleb128 0xb
 1877 018d 3B       		.uleb128 0x3b
 1878 018e 0B       		.uleb128 0xb
 1879 018f 39       		.uleb128 0x39
 1880 0190 0B       		.uleb128 0xb
 1881 0191 01       		.uleb128 0x1
ARM GAS  /tmp//ccqFPxZM.s 			page 34


 1882 0192 13       		.uleb128 0x13
 1883 0193 00       		.byte	0
 1884 0194 00       		.byte	0
 1885 0195 1E       		.uleb128 0x1e
 1886 0196 0D       		.uleb128 0xd
 1887 0197 00       		.byte	0
 1888 0198 03       		.uleb128 0x3
 1889 0199 0E       		.uleb128 0xe
 1890 019a 3A       		.uleb128 0x3a
 1891 019b 0B       		.uleb128 0xb
 1892 019c 3B       		.uleb128 0x3b
 1893 019d 05       		.uleb128 0x5
 1894 019e 39       		.uleb128 0x39
 1895 019f 0B       		.uleb128 0xb
 1896 01a0 49       		.uleb128 0x49
 1897 01a1 13       		.uleb128 0x13
 1898 01a2 00       		.byte	0
 1899 01a3 00       		.byte	0
 1900 01a4 1F       		.uleb128 0x1f
 1901 01a5 34       		.uleb128 0x34
 1902 01a6 00       		.byte	0
 1903 01a7 03       		.uleb128 0x3
 1904 01a8 08       		.uleb128 0x8
 1905 01a9 3A       		.uleb128 0x3a
 1906 01aa 0B       		.uleb128 0xb
 1907 01ab 3B       		.uleb128 0x3b
 1908 01ac 05       		.uleb128 0x5
 1909 01ad 39       		.uleb128 0x39
 1910 01ae 0B       		.uleb128 0xb
 1911 01af 49       		.uleb128 0x49
 1912 01b0 13       		.uleb128 0x13
 1913 01b1 3F       		.uleb128 0x3f
 1914 01b2 19       		.uleb128 0x19
 1915 01b3 3C       		.uleb128 0x3c
 1916 01b4 19       		.uleb128 0x19
 1917 01b5 00       		.byte	0
 1918 01b6 00       		.byte	0
 1919 01b7 20       		.uleb128 0x20
 1920 01b8 21       		.uleb128 0x21
 1921 01b9 00       		.byte	0
 1922 01ba 00       		.byte	0
 1923 01bb 00       		.byte	0
 1924 01bc 00       		.byte	0
 1925              		.section	.gnu.debuglto_.debug_line,"e",%progbits
 1926              	.Ldebug_line0:
 1927 0000 46020000 		.4byte	.LELT0-.LSLT0
 1928              	.LSLT0:
 1929 0004 0400     		.2byte	0x4
 1930 0006 40020000 		.4byte	.LELTP0-.LASLTP0
 1931              	.LASLTP0:
 1932 000a 01       		.byte	0x1
 1933 000b 01       		.byte	0x1
 1934 000c 01       		.byte	0x1
 1935 000d F6       		.byte	0xf6
 1936 000e F2       		.byte	0xf2
 1937 000f 0D       		.byte	0xd
 1938 0010 00       		.byte	0
ARM GAS  /tmp//ccqFPxZM.s 			page 35


 1939 0011 01       		.byte	0x1
 1940 0012 01       		.byte	0x1
 1941 0013 01       		.byte	0x1
 1942 0014 01       		.byte	0x1
 1943 0015 00       		.byte	0
 1944 0016 00       		.byte	0
 1945 0017 00       		.byte	0
 1946 0018 01       		.byte	0x1
 1947 0019 00       		.byte	0
 1948 001a 00       		.byte	0
 1949 001b 01       		.byte	0x1
 1950 001c 2E2E2F43 		.ascii	"../ChibiOS/os/common/ext/ARM/CMSIS/Core/Include"
 1950      68696269 
 1950      4F532F6F 
 1950      732F636F 
 1950      6D6D6F6E 
 1951 004b 00       		.byte	0
 1952 004c 2E2E2F43 		.ascii	"../ChibiOS/os/common/ext/ST/STM32F7xx"
 1952      68696269 
 1952      4F532F6F 
 1952      732F636F 
 1952      6D6D6F6E 
 1953 0071 00       		.byte	0
 1954 0072 2E2E2F43 		.ascii	"../ChibiOS/os/common/ports/ARMCMx/compilers/GCC"
 1954      68696269 
 1954      4F532F6F 
 1954      732F636F 
 1954      6D6D6F6E 
 1955 00a1 00       		.byte	0
 1956 00a2 2E2E2F43 		.ascii	"../ChibiOS/os/common/ports/ARMCMx"
 1956      68696269 
 1956      4F532F6F 
 1956      732F636F 
 1956      6D6D6F6E 
 1957 00c3 00       		.byte	0
 1958 00c4 2E2E2F43 		.ascii	"../ChibiOS/os/oslib/include"
 1958      68696269 
 1958      4F532F6F 
 1958      732F6F73 
 1958      6C69622F 
 1959 00df 00       		.byte	0
 1960 00e0 2E2E2F43 		.ascii	"../ChibiOS/os/rt/include"
 1960      68696269 
 1960      4F532F6F 
 1960      732F7274 
 1960      2F696E63 
 1961 00f8 00       		.byte	0
 1962 00f9 2F757372 		.ascii	"/usr/local/cortex-m7/arm-none-eabi/include/machine"
 1962      2F6C6F63 
 1962      616C2F63 
 1962      6F727465 
 1962      782D6D37 
 1963 012b 00       		.byte	0
 1964 012c 2F757372 		.ascii	"/usr/local/cortex-m7/arm-none-eabi/include/sys"
 1964      2F6C6F63 
 1964      616C2F63 
 1964      6F727465 
ARM GAS  /tmp//ccqFPxZM.s 			page 36


 1964      782D6D37 
 1965 015a 00       		.byte	0
 1966 015b 00       		.byte	0
 1967 015c 5F646566 		.ascii	"_default_types.h\000"
 1967      61756C74 
 1967      5F747970 
 1967      65732E68 
 1967      00
 1968 016d 07       		.uleb128 0x7
 1969 016e 00       		.uleb128 0
 1970 016f 00       		.uleb128 0
 1971 0170 5F737464 		.ascii	"_stdint.h\000"
 1971      696E742E 
 1971      6800
 1972 017a 08       		.uleb128 0x8
 1973 017b 00       		.uleb128 0
 1974 017c 00       		.uleb128 0
 1975 017d 63687479 		.ascii	"chtypes.h\000"
 1975      7065732E 
 1975      6800
 1976 0187 03       		.uleb128 0x3
 1977 0188 00       		.uleb128 0
 1978 0189 00       		.uleb128 0
 1979 018a 63687379 		.ascii	"chsystypes.h\000"
 1979      73747970 
 1979      65732E68 
 1979      00
 1980 0197 06       		.uleb128 0x6
 1981 0198 00       		.uleb128 0
 1982 0199 00       		.uleb128 0
 1983 019a 63687363 		.ascii	"chschd.h\000"
 1983      68642E68 
 1983      00
 1984 01a3 06       		.uleb128 0x6
 1985 01a4 00       		.uleb128 0
 1986 01a5 00       		.uleb128 0
 1987 01a6 63687469 		.ascii	"chtime.h\000"
 1987      6D652E68 
 1987      00
 1988 01af 06       		.uleb128 0x6
 1989 01b0 00       		.uleb128 0
 1990 01b1 00       		.uleb128 0
 1991 01b2 636F7265 		.ascii	"core_cm7.h\000"
 1991      5F636D37 
 1991      2E6800
 1992 01bd 01       		.uleb128 0x1
 1993 01be 00       		.uleb128 0
 1994 01bf 00       		.uleb128 0
 1995 01c0 73797374 		.ascii	"system_stm32f7xx.h\000"
 1995      656D5F73 
 1995      746D3332 
 1995      66377878 
 1995      2E6800
 1996 01d3 02       		.uleb128 0x2
 1997 01d4 00       		.uleb128 0
 1998 01d5 00       		.uleb128 0
 1999 01d6 6368636F 		.ascii	"chcore.h\000"
ARM GAS  /tmp//ccqFPxZM.s 			page 37


 1999      72652E68 
 1999      00
 2000 01df 04       		.uleb128 0x4
 2001 01e0 00       		.uleb128 0
 2002 01e1 00       		.uleb128 0
 2003 01e2 6368636F 		.ascii	"chcore_v7m.h\000"
 2003      72655F76 
 2003      376D2E68 
 2003      00
 2004 01ef 04       		.uleb128 0x4
 2005 01f0 00       		.uleb128 0
 2006 01f1 00       		.uleb128 0
 2007 01f2 63687472 		.ascii	"chtrace.h\000"
 2007      6163652E 
 2007      6800
 2008 01fc 06       		.uleb128 0x6
 2009 01fd 00       		.uleb128 0
 2010 01fe 00       		.uleb128 0
 2011 01ff 6368746D 		.ascii	"chtm.h\000"
 2011      2E6800
 2012 0206 06       		.uleb128 0x6
 2013 0207 00       		.uleb128 0
 2014 0208 00       		.uleb128 0
 2015 0209 63687365 		.ascii	"chsem.h\000"
 2015      6D2E6800 
 2016 0211 06       		.uleb128 0x6
 2017 0212 00       		.uleb128 0
 2018 0213 00       		.uleb128 0
 2019 0214 63686D74 		.ascii	"chmtx.h\000"
 2019      782E6800 
 2020 021c 06       		.uleb128 0x6
 2021 021d 00       		.uleb128 0
 2022 021e 00       		.uleb128 0
 2023 021f 63687379 		.ascii	"chsys.h\000"
 2023      732E6800 
 2024 0227 06       		.uleb128 0x6
 2025 0228 00       		.uleb128 0
 2026 0229 00       		.uleb128 0
 2027 022a 63687265 		.ascii	"chregistry.h\000"
 2027      67697374 
 2027      72792E68 
 2027      00
 2028 0237 06       		.uleb128 0x6
 2029 0238 00       		.uleb128 0
 2030 0239 00       		.uleb128 0
 2031 023a 63686D65 		.ascii	"chmemcore.h\000"
 2031      6D636F72 
 2031      652E6800 
 2032 0246 05       		.uleb128 0x5
 2033 0247 00       		.uleb128 0
 2034 0248 00       		.uleb128 0
 2035 0249 00       		.byte	0
 2036              	.LELTP0:
 2037              	.LELT0:
 2038              		.section	.gnu.debuglto_.debug_str,"eMS",%progbits,1
 2039              	.LASF52:
 2040 0000 72656164 		.ascii	"ready_list_t\000"
ARM GAS  /tmp//ccqFPxZM.s 			page 38


 2040      795F6C69 
 2040      73745F74 
 2040      00
 2041              	.LASF99:
 2042 000d 77747472 		.ascii	"wttrp\000"
 2042      7000
 2043              	.LASF58:
 2044 0013 64656C74 		.ascii	"delta\000"
 2044      6100
 2045              	.LASF97:
 2046 0019 7264796D 		.ascii	"rdymsg\000"
 2046      736700
 2047              	.LASF19:
 2048 0020 75696E74 		.ascii	"uint64_t\000"
 2048      36345F74 
 2048      00
 2049              	.LASF6:
 2050 0029 5F5F7569 		.ascii	"__uint8_t\000"
 2050      6E74385F 
 2050      7400
 2051              	.LASF51:
 2052 0033 70726576 		.ascii	"prev\000"
 2052      00
 2053              	.LASF81:
 2054 0038 706F7274 		.ascii	"port_intctx\000"
 2054      5F696E74 
 2054      63747800 
 2055              	.LASF63:
 2056 0044 73797374 		.ascii	"system_debug_t\000"
 2056      656D5F64 
 2056      65627567 
 2056      5F7400
 2057              	.LASF77:
 2058 0053 41504250 		.ascii	"APBPrescTable\000"
 2058      72657363 
 2058      5461626C 
 2058      6500
 2059              	.LASF87:
 2060 0061 74797065 		.ascii	"type\000"
 2060      00
 2061              	.LASF91:
 2062 0066 73757370 		.ascii	"suspended\000"
 2062      656E6465 
 2062      6400
 2063              	.LASF14:
 2064 0070 6C6F6E67 		.ascii	"long long unsigned int\000"
 2064      206C6F6E 
 2064      6720756E 
 2064      7369676E 
 2064      65642069 
 2065              	.LASF94:
 2066 0087 63685F74 		.ascii	"ch_trace_buffer_t\000"
 2066      72616365 
 2066      5F627566 
 2066      6665725F 
 2066      7400
 2067              	.LASF98:
ARM GAS  /tmp//ccqFPxZM.s 			page 39


 2068 0099 65786974 		.ascii	"exitcode\000"
 2068      636F6465 
 2068      00
 2069              	.LASF71:
 2070 00a2 6D61696E 		.ascii	"mainthread\000"
 2070      74687265 
 2070      616400
 2071              	.LASF100:
 2072 00ad 73656E74 		.ascii	"sentmsg\000"
 2072      6D736700 
 2073              	.LASF60:
 2074 00b5 76697274 		.ascii	"virtual_timers_list_t\000"
 2074      75616C5F 
 2074      74696D65 
 2074      72735F6C 
 2074      6973745F 
 2075              	.LASF74:
 2076 00cb 49544D5F 		.ascii	"ITM_RxBuffer\000"
 2076      52784275 
 2076      66666572 
 2076      00
 2077              	.LASF48:
 2078 00d8 6E657874 		.ascii	"next\000"
 2078      00
 2079              	.LASF50:
 2080 00dd 63685F74 		.ascii	"ch_threads_queue\000"
 2080      68726561 
 2080      64735F71 
 2080      75657565 
 2080      00
 2081              	.LASF1:
 2082 00ee 6C6F6E67 		.ascii	"long long int\000"
 2082      206C6F6E 
 2082      6720696E 
 2082      7400
 2083              	.LASF3:
 2084 00fc 7369676E 		.ascii	"signed char\000"
 2084      65642063 
 2084      68617200 
 2085              	.LASF92:
 2086 0108 73697A65 		.ascii	"size\000"
 2086      00
 2087              	.LASF69:
 2088 010d 726C6973 		.ascii	"rlist\000"
 2088      7400
 2089              	.LASF70:
 2090 0113 76746C69 		.ascii	"vtlist\000"
 2090      737400
 2091              	.LASF35:
 2092 011a 73746174 		.ascii	"state\000"
 2092      6500
 2093              	.LASF10:
 2094 0120 6C6F6E67 		.ascii	"long int\000"
 2094      20696E74 
 2094      00
 2095              	.LASF134:
 2096 0129 2F686F6D 		.ascii	"/home/wpaul/m7/dc28_badge/software/firmware/badge\000"
ARM GAS  /tmp//ccqFPxZM.s 			page 40


 2096      652F7770 
 2096      61756C2F 
 2096      6D372F64 
 2096      6332385F 
 2097              	.LASF22:
 2098 015b 74737461 		.ascii	"tstate_t\000"
 2098      74655F74 
 2098      00
 2099              	.LASF90:
 2100 0164 63685F74 		.ascii	"ch_trace_event_t\000"
 2100      72616365 
 2100      5F657665 
 2100      6E745F74 
 2100      00
 2101              	.LASF59:
 2102 0175 66756E63 		.ascii	"func\000"
 2102      00
 2103              	.LASF132:
 2104 017a 474E5520 		.ascii	"GNU C17 9.1.0 -mcpu=cortex-m7 -mthumb -mfloat-abi=h"
 2104      43313720 
 2104      392E312E 
 2104      30202D6D 
 2104      6370753D 
 2105 01ad 61726420 		.ascii	"ard -mfpu=fpv5-sp-d16 -march=armv7e-m+fpv5 -ggdb -O"
 2105      2D6D6670 
 2105      753D6670 
 2105      76352D73 
 2105      702D6431 
 2106 01e0 73202D66 		.ascii	"s -fomit-frame-pointer -falign-functions=16 -ffunct"
 2106      6F6D6974 
 2106      2D667261 
 2106      6D652D70 
 2106      6F696E74 
 2107 0213 696F6E2D 		.ascii	"ion-sections -fdata-sections -fno-common -flto\000"
 2107      73656374 
 2107      696F6E73 
 2107      202D6664 
 2107      6174612D 
 2108              	.LASF123:
 2109 0242 6F66665F 		.ascii	"off_preempt\000"
 2109      70726565 
 2109      6D707400 
 2110              	.LASF93:
 2111 024e 62756666 		.ascii	"buffer\000"
 2111      657200
 2112              	.LASF11:
 2113 0255 5F5F7569 		.ascii	"__uint32_t\000"
 2113      6E743332 
 2113      5F7400
 2114              	.LASF78:
 2115 0260 72656761 		.ascii	"regarm_t\000"
 2115      726D5F74 
 2115      00
 2116              	.LASF64:
 2117 0269 63685F73 		.ascii	"ch_system_debug\000"
 2117      79737465 
 2117      6D5F6465 
ARM GAS  /tmp//ccqFPxZM.s 			page 41


 2117      62756700 
 2118              	.LASF38:
 2119 0279 77616974 		.ascii	"waiting\000"
 2119      696E6700 
 2120              	.LASF109:
 2121 0281 7A65726F 		.ascii	"zero\000"
 2121      00
 2122              	.LASF127:
 2123 0286 6D757465 		.ascii	"mutex_t\000"
 2123      785F7400 
 2124              	.LASF73:
 2125 028e 73797369 		.ascii	"sysinterval_t\000"
 2125      6E746572 
 2125      76616C5F 
 2125      7400
 2126              	.LASF27:
 2127 029c 636E745F 		.ascii	"cnt_t\000"
 2127      7400
 2128              	.LASF39:
 2129 02a2 6D736771 		.ascii	"msgqueue\000"
 2129      75657565 
 2129      00
 2130              	.LASF0:
 2131 02ab 756E7369 		.ascii	"unsigned int\000"
 2131      676E6564 
 2131      20696E74 
 2131      00
 2132              	.LASF16:
 2133 02b8 75696E74 		.ascii	"uint16_t\000"
 2133      31365F74 
 2133      00
 2134              	.LASF75:
 2135 02c1 53797374 		.ascii	"SystemCoreClock\000"
 2135      656D436F 
 2135      7265436C 
 2135      6F636B00 
 2136              	.LASF101:
 2137 02d1 77747365 		.ascii	"wtsemp\000"
 2137      6D7000
 2138              	.LASF126:
 2139 02d8 63685F64 		.ascii	"ch_debug\000"
 2139      65627567 
 2139      00
 2140              	.LASF33:
 2141 02e1 6E616D65 		.ascii	"name\000"
 2141      00
 2142              	.LASF29:
 2143 02e6 71756575 		.ascii	"queue\000"
 2143      6500
 2144              	.LASF43:
 2145 02ec 6D706F6F 		.ascii	"mpool\000"
 2145      6C00
 2146              	.LASF122:
 2147 02f2 6F66665F 		.ascii	"off_refs\000"
 2147      72656673 
 2147      00
 2148              	.LASF46:
ARM GAS  /tmp//ccqFPxZM.s 			page 42


 2149 02fb 63685F74 		.ascii	"ch_thread\000"
 2149      68726561 
 2149      6400
 2150              	.LASF25:
 2151 0305 6D73675F 		.ascii	"msg_t\000"
 2151      7400
 2152              	.LASF40:
 2153 030b 6570656E 		.ascii	"epending\000"
 2153      64696E67 
 2153      00
 2154              	.LASF67:
 2155 0314 63685F73 		.ascii	"ch_system_t\000"
 2155      79737465 
 2155      6D5F7400 
 2156              	.LASF115:
 2157 0320 6F66665F 		.ascii	"off_ctx\000"
 2157      63747800 
 2158              	.LASF21:
 2159 0328 746D6F64 		.ascii	"tmode_t\000"
 2159      655F7400 
 2160              	.LASF53:
 2161 0330 63685F72 		.ascii	"ch_ready_list\000"
 2161      65616479 
 2161      5F6C6973 
 2161      7400
 2162              	.LASF26:
 2163 033e 6576656E 		.ascii	"eventmask_t\000"
 2163      746D6173 
 2163      6B5F7400 
 2164              	.LASF76:
 2165 034a 41484250 		.ascii	"AHBPrescTable\000"
 2165      72657363 
 2165      5461626C 
 2165      6500
 2166              	.LASF129:
 2167 0358 656E646D 		.ascii	"endmem\000"
 2167      656D00
 2168              	.LASF9:
 2169 035f 5F5F696E 		.ascii	"__int32_t\000"
 2169      7433325F 
 2169      7400
 2170              	.LASF79:
 2171 0369 73746B61 		.ascii	"stkalign_t\000"
 2171      6C69676E 
 2171      5F7400
 2172              	.LASF31:
 2173 0374 6E657765 		.ascii	"newer\000"
 2173      7200
 2174              	.LASF88:
 2175 037a 72747374 		.ascii	"rtstamp\000"
 2175      616D7000 
 2176              	.LASF42:
 2177 0382 7265616C 		.ascii	"realprio\000"
 2177      7072696F 
 2177      00
 2178              	.LASF110:
 2179 038b 76657273 		.ascii	"version\000"
ARM GAS  /tmp//ccqFPxZM.s 			page 43


 2179      696F6E00 
 2180              	.LASF20:
 2181 0393 7274636E 		.ascii	"rtcnt_t\000"
 2181      745F7400 
 2182              	.LASF44:
 2183 039b 74687265 		.ascii	"thread_reference_t\000"
 2183      61645F72 
 2183      65666572 
 2183      656E6365 
 2183      5F7400
 2184              	.LASF61:
 2185 03ae 63685F76 		.ascii	"ch_virtual_timers_list\000"
 2185      69727475 
 2185      616C5F74 
 2185      696D6572 
 2185      735F6C69 
 2186              	.LASF2:
 2187 03c5 6C6F6E67 		.ascii	"long double\000"
 2187      20646F75 
 2187      626C6500 
 2188              	.LASF116:
 2189 03d1 6F66665F 		.ascii	"off_newer\000"
 2189      6E657765 
 2189      7200
 2190              	.LASF80:
 2191 03db 706F7274 		.ascii	"port_context\000"
 2191      5F636F6E 
 2191      74657874 
 2191      00
 2192              	.LASF96:
 2193 03e8 746D5F63 		.ascii	"tm_calibration_t\000"
 2193      616C6962 
 2193      72617469 
 2193      6F6E5F74 
 2193      00
 2194              	.LASF89:
 2195 03f9 74696D65 		.ascii	"time\000"
 2195      00
 2196              	.LASF30:
 2197 03fe 7072696F 		.ascii	"prio\000"
 2197      00
 2198              	.LASF54:
 2199 0403 63757272 		.ascii	"current\000"
 2199      656E7400 
 2200              	.LASF13:
 2201 040b 5F5F7569 		.ascii	"__uint64_t\000"
 2201      6E743634 
 2201      5F7400
 2202              	.LASF130:
 2203 0416 6D656D63 		.ascii	"memcore_t\000"
 2203      6F72655F 
 2203      7400
 2204              	.LASF23:
 2205 0420 74726566 		.ascii	"trefs_t\000"
 2205      735F7400 
 2206              	.LASF125:
 2207 0428 63686465 		.ascii	"chdebug_t\000"
ARM GAS  /tmp//ccqFPxZM.s 			page 44


 2207      6275675F 
 2207      7400
 2208              	.LASF37:
 2209 0432 72656673 		.ascii	"refs\000"
 2209      00
 2210              	.LASF56:
 2211 0437 76697274 		.ascii	"virtual_timer_t\000"
 2211      75616C5F 
 2211      74696D65 
 2211      725F7400 
 2212              	.LASF86:
 2213 0447 75736572 		.ascii	"user\000"
 2213      00
 2214              	.LASF24:
 2215 044c 74707269 		.ascii	"tprio_t\000"
 2215      6F5F7400 
 2216              	.LASF113:
 2217 0454 74687265 		.ascii	"threadsize\000"
 2217      61647369 
 2217      7A6500
 2218              	.LASF17:
 2219 045f 696E7433 		.ascii	"int32_t\000"
 2219      325F7400 
 2220              	.LASF4:
 2221 0467 756E7369 		.ascii	"unsigned char\000"
 2221      676E6564 
 2221      20636861 
 2221      7200
 2222              	.LASF114:
 2223 0475 6F66665F 		.ascii	"off_prio\000"
 2223      7072696F 
 2223      00
 2224              	.LASF119:
 2225 047e 6F66665F 		.ascii	"off_stklimit\000"
 2225      73746B6C 
 2225      696D6974 
 2225      00
 2226              	.LASF5:
 2227 048b 73686F72 		.ascii	"short int\000"
 2227      7420696E 
 2227      7400
 2228              	.LASF62:
 2229 0495 6C617374 		.ascii	"lasttime\000"
 2229      74696D65 
 2229      00
 2230              	.LASF85:
 2231 049e 68616C74 		.ascii	"halt\000"
 2231      00
 2232              	.LASF103:
 2233 04a3 65776D61 		.ascii	"ewmask\000"
 2233      736B00
 2234              	.LASF68:
 2235 04aa 63685F73 		.ascii	"ch_system\000"
 2235      79737465 
 2235      6D00
 2236              	.LASF84:
 2237 04b4 72656173 		.ascii	"reason\000"
ARM GAS  /tmp//ccqFPxZM.s 			page 45


 2237      6F6E00
 2238              	.LASF57:
 2239 04bb 63685F76 		.ascii	"ch_virtual_timer\000"
 2239      69727475 
 2239      616C5F74 
 2239      696D6572 
 2239      00
 2240              	.LASF104:
 2241 04cc 63685F73 		.ascii	"ch_semaphore\000"
 2241      656D6170 
 2241      686F7265 
 2241      00
 2242              	.LASF124:
 2243 04d9 6F66665F 		.ascii	"off_time\000"
 2243      74696D65 
 2243      00
 2244              	.LASF107:
 2245 04e2 63685F69 		.ascii	"ch_idle_thread_wa\000"
 2245      646C655F 
 2245      74687265 
 2245      61645F77 
 2245      6100
 2246              	.LASF112:
 2247 04f4 74696D65 		.ascii	"timesize\000"
 2247      73697A65 
 2247      00
 2248              	.LASF18:
 2249 04fd 75696E74 		.ascii	"uint32_t\000"
 2249      33325F74 
 2249      00
 2250              	.LASF102:
 2251 0506 77746D74 		.ascii	"wtmtxp\000"
 2251      787000
 2252              	.LASF47:
 2253 050d 63685F74 		.ascii	"ch_threads_list\000"
 2253      68726561 
 2253      64735F6C 
 2253      69737400 
 2254              	.LASF106:
 2255 051d 6F776E65 		.ascii	"owner\000"
 2255      7200
 2256              	.LASF12:
 2257 0523 6C6F6E67 		.ascii	"long unsigned int\000"
 2257      20756E73 
 2257      69676E65 
 2257      6420696E 
 2257      7400
 2258              	.LASF34:
 2259 0535 77616261 		.ascii	"wabase\000"
 2259      736500
 2260              	.LASF83:
 2261 053c 63686172 		.ascii	"char\000"
 2261      00
 2262              	.LASF32:
 2263 0541 6F6C6465 		.ascii	"older\000"
 2263      7200
 2264              	.LASF7:
ARM GAS  /tmp//ccqFPxZM.s 			page 46


 2265 0547 5F5F7569 		.ascii	"__uint16_t\000"
 2265      6E743136 
 2265      5F7400
 2266              	.LASF28:
 2267 0552 74687265 		.ascii	"thread_t\000"
 2267      61645F74 
 2267      00
 2268              	.LASF131:
 2269 055b 63685F6D 		.ascii	"ch_memcore\000"
 2269      656D636F 
 2269      726500
 2270              	.LASF72:
 2271 0566 73797374 		.ascii	"systime_t\000"
 2271      696D655F 
 2271      7400
 2272              	.LASF55:
 2273 0570 76746675 		.ascii	"vtfunc_t\000"
 2273      6E635F74 
 2273      00
 2274              	.LASF65:
 2275 0579 70616E69 		.ascii	"panic_msg\000"
 2275      635F6D73 
 2275      6700
 2276              	.LASF95:
 2277 0583 6F666673 		.ascii	"offset\000"
 2277      657400
 2278              	.LASF117:
 2279 058a 6F66665F 		.ascii	"off_older\000"
 2279      6F6C6465 
 2279      7200
 2280              	.LASF8:
 2281 0594 73686F72 		.ascii	"short unsigned int\000"
 2281      7420756E 
 2281      7369676E 
 2281      65642069 
 2281      6E7400
 2282              	.LASF108:
 2283 05a7 6964656E 		.ascii	"identifier\000"
 2283      74696669 
 2283      657200
 2284              	.LASF133:
 2285 05b2 2E2E2F43 		.ascii	"../ChibiOS/os/common/ports/ARMCMx/chcore.c\000"
 2285      68696269 
 2285      4F532F6F 
 2285      732F636F 
 2285      6D6D6F6E 
 2286              	.LASF111:
 2287 05dd 70747273 		.ascii	"ptrsize\000"
 2287      697A6500 
 2288              	.LASF49:
 2289 05e5 74687265 		.ascii	"threads_queue_t\000"
 2289      6164735F 
 2289      71756575 
 2289      655F7400 
 2290              	.LASF105:
 2291 05f5 63685F6D 		.ascii	"ch_mutex\000"
 2291      75746578 
ARM GAS  /tmp//ccqFPxZM.s 			page 47


 2291      00
 2292              	.LASF118:
 2293 05fe 6F66665F 		.ascii	"off_name\000"
 2293      6E616D65 
 2293      00
 2294              	.LASF15:
 2295 0607 75696E74 		.ascii	"uint8_t\000"
 2295      385F7400 
 2296              	.LASF36:
 2297 060f 666C6167 		.ascii	"flags\000"
 2297      7300
 2298              	.LASF82:
 2299 0615 77746F62 		.ascii	"wtobjp\000"
 2299      6A7000
 2300              	.LASF45:
 2301 061c 74687265 		.ascii	"threads_list_t\000"
 2301      6164735F 
 2301      6C697374 
 2301      5F7400
 2302              	.LASF120:
 2303 062b 6F66665F 		.ascii	"off_state\000"
 2303      73746174 
 2303      6500
 2304              	.LASF66:
 2305 0635 74726163 		.ascii	"trace_buffer\000"
 2305      655F6275 
 2305      66666572 
 2305      00
 2306              	.LASF121:
 2307 0642 6F66665F 		.ascii	"off_flags\000"
 2307      666C6167 
 2307      7300
 2308              	.LASF41:
 2309 064c 6D74786C 		.ascii	"mtxlist\000"
 2309      69737400 
 2310              	.LASF128:
 2311 0654 6E657874 		.ascii	"nextmem\000"
 2311      6D656D00 
 2312              		.text
 2313              		.section	.gnu.lto_.profile.7984110de6376806,"e",%progbits
 2314 0000 789CE360 		.ascii	"x\234\343````\004b\006\000\000V\000\012"
 2314      60606004 
 2314      62060000 
 2314      56000A
 2315              		.text
 2316              		.section	.gnu.lto_.icf.7984110de6376806,"e",%progbits
 2317 0000 789CE360 		.ascii	"x\234\343````b@\006\000\000\276\000\013"
 2317      60606062 
 2317      40060000 
 2317      BE000B
 2318              		.text
 2319              		.section	.gnu.lto_.jmpfuncs.7984110de6376806,"e",%progbits
 2320 0000 789CE360 		.ascii	"x\234\343````b@\006\000\000\276\000\013"
 2320      60606062 
 2320      40060000 
 2320      BE000B
 2321              		.text
ARM GAS  /tmp//ccqFPxZM.s 			page 48


 2322              		.section	.gnu.lto_.inline.7984110de6376806,"e",%progbits
 2323 0000 789CE360 		.ascii	"x\234\343````b@\006\000\000\276\000\013"
 2323      60606062 
 2323      40060000 
 2323      BE000B
 2324              		.text
 2325              		.section	.gnu.lto_.pureconst.7984110de6376806,"e",%progbits
 2326 0000 789CE360 		.ascii	"x\234\343````\004b\006\000\000V\000\012"
 2326      60606004 
 2326      62060000 
 2326      56000A
 2327              		.text
 2328              		.section	.gnu.lto_.symbol_nodes.7984110de6376806,"e",%progbits
 2329 0000 789CE360 		.ascii	"x\234\343````b\000\001\000\000f\000\013"
 2329      60606062 
 2329      00010000 
 2329      66000B
 2330              		.text
 2331              		.section	.gnu.lto_.refs.7984110de6376806,"e",%progbits
 2332 0000 789CE360 		.ascii	"x\234\343````\004b\006\000\000V\000\012"
 2332      60606004 
 2332      62060000 
 2332      56000A
 2333              		.text
 2334              		.section	.gnu.lto_.decls.7984110de6376806,"e",%progbits
 2335 0000 789CE360 		.ascii	"x\234\343`\200\000F V\001\342\377@\000b_d \000\000\300"
 2335      80004620 
 2335      5601E2FF 
 2335      4000625F 
 2335      64200000 
 2336 0015 FE04FC   		.ascii	"\376\004\374"
 2337              		.text
 2338              		.section	.gnu.lto_.symtab.7984110de6376806,"e",%progbits
 2339              		.text
 2340              		.section	.gnu.lto_.opts,"e",%progbits
 2341 0000 272D666E 		.ascii	"'-fno-openmp' '-fno-openacc' '-fno-pie' '-mcpu=cort"
 2341      6F2D6F70 
 2341      656E6D70 
 2341      2720272D 
 2341      666E6F2D 
 2342 0033 65782D6D 		.ascii	"ex-m7' '-mthumb' '-mfloat-abi=hard' '-mfpu=fpv5-sp-"
 2342      37272027 
 2342      2D6D7468 
 2342      756D6227 
 2342      20272D6D 
 2343 0066 64313627 		.ascii	"d16' '-march=armv7e-m+fpv5' '-Os' '-fomit-frame-poi"
 2343      20272D6D 
 2343      61726368 
 2343      3D61726D 
 2343      7637652D 
 2344 0099 6E746572 		.ascii	"nter' '-falign-functions=16' '-ffunction-sections' "
 2344      2720272D 
 2344      66616C69 
 2344      676E2D66 
 2344      756E6374 
 2345 00cc 272D6664 		.ascii	"'-fdata-sections' '-fno-common' '-flto'\000"
 2345      6174612D 
ARM GAS  /tmp//ccqFPxZM.s 			page 49


 2345      73656374 
 2345      696F6E73 
 2345      2720272D 
 2346              		.text
 2347              		.comm	__gnu_lto_v1,1,1
 2348              		.comm	__gnu_lto_slim,1,1
 2349              		.ident	"GCC: (GNU) 9.1.0"
ARM GAS  /tmp//ccqFPxZM.s 			page 50


DEFINED SYMBOLS
                            *ABS*:0000000000000000 chcore.c
    /tmp//ccqFPxZM.s:35     .gnu.debuglto_.debug_info:0000000000000000 chcore.c.4b1bfa17
                            *COM*:0000000000000001 __gnu_lto_v1
                            *COM*:0000000000000001 __gnu_lto_slim

NO UNDEFINED SYMBOLS
