ARM GAS  /tmp//ccCzbNNU.s 			page 1


   1              		.cpu cortex-m7
   2              		.eabi_attribute 27, 1
   3              		.eabi_attribute 28, 1
   4              		.eabi_attribute 20, 1
   5              		.eabi_attribute 21, 1
   6              		.eabi_attribute 23, 3
   7              		.eabi_attribute 24, 1
   8              		.eabi_attribute 25, 1
   9              		.eabi_attribute 26, 1
  10              		.eabi_attribute 30, 4
  11              		.eabi_attribute 34, 1
  12              		.eabi_attribute 18, 4
  13              		.file	"syscall.c"
  14              		.section	.gnu.debuglto_.debug_info,"e",%progbits
  15              	.Ldebug_info0:
  16              		.hidden	syscall.c.c6af3317
  17              		.weak	syscall.c.c6af3317
  18              	syscall.c.c6af3317:
  19 0000 67000000 		.4byte	0x67
  20 0004 0400     		.2byte	0x4
  21 0006 00000000 		.4byte	.Ldebug_abbrev0
  22 000a 04       		.byte	0x4
  23 000b 01       		.uleb128 0x1
  24 000c 1F000000 		.4byte	.LASF10
  25 0010 0C       		.byte	0xc
  26 0011 62010000 		.4byte	.LASF11
  27 0015 F3000000 		.4byte	.LASF12
  28 0019 00000000 		.4byte	.Ldebug_line0
  29 001d 02       		.uleb128 0x2
  30 001e 01       		.byte	0x1
  31 001f 06       		.byte	0x6
  32 0020 E7000000 		.4byte	.LASF0
  33 0024 02       		.uleb128 0x2
  34 0025 01       		.byte	0x1
  35 0026 08       		.byte	0x8
  36 0027 4B010000 		.4byte	.LASF1
  37 002b 02       		.uleb128 0x2
  38 002c 02       		.byte	0x2
  39 002d 05       		.byte	0x5
  40 002e 25010000 		.4byte	.LASF2
  41 0032 02       		.uleb128 0x2
  42 0033 02       		.byte	0x2
  43 0034 07       		.byte	0x7
  44 0035 87010000 		.4byte	.LASF3
  45 0039 02       		.uleb128 0x2
  46 003a 04       		.byte	0x4
  47 003b 05       		.byte	0x5
  48 003c 59010000 		.4byte	.LASF4
  49 0040 02       		.uleb128 0x2
  50 0041 04       		.byte	0x4
  51 0042 07       		.byte	0x7
  52 0043 0D000000 		.4byte	.LASF5
  53 0047 02       		.uleb128 0x2
  54 0048 08       		.byte	0x8
  55 0049 05       		.byte	0x5
  56 004a 9A010000 		.4byte	.LASF6
  57 004e 02       		.uleb128 0x2
ARM GAS  /tmp//ccCzbNNU.s 			page 2


  58 004f 08       		.byte	0x8
  59 0050 07       		.byte	0x7
  60 0051 34010000 		.4byte	.LASF7
  61 0055 03       		.uleb128 0x3
  62 0056 04       		.byte	0x4
  63 0057 05       		.byte	0x5
  64 0058 696E7400 		.ascii	"int\000"
  65 005c 02       		.uleb128 0x2
  66 005d 04       		.byte	0x4
  67 005e 07       		.byte	0x7
  68 005f 00000000 		.4byte	.LASF8
  69 0063 02       		.uleb128 0x2
  70 0064 01       		.byte	0x1
  71 0065 08       		.byte	0x8
  72 0066 2F010000 		.4byte	.LASF9
  73 006a 00       		.byte	0
  74              		.section	.gnu.debuglto_.debug_abbrev,"e",%progbits
  75              	.Ldebug_abbrev0:
  76 0000 01       		.uleb128 0x1
  77 0001 11       		.uleb128 0x11
  78 0002 01       		.byte	0x1
  79 0003 25       		.uleb128 0x25
  80 0004 0E       		.uleb128 0xe
  81 0005 13       		.uleb128 0x13
  82 0006 0B       		.uleb128 0xb
  83 0007 03       		.uleb128 0x3
  84 0008 0E       		.uleb128 0xe
  85 0009 1B       		.uleb128 0x1b
  86 000a 0E       		.uleb128 0xe
  87 000b 10       		.uleb128 0x10
  88 000c 17       		.uleb128 0x17
  89 000d 00       		.byte	0
  90 000e 00       		.byte	0
  91 000f 02       		.uleb128 0x2
  92 0010 24       		.uleb128 0x24
  93 0011 00       		.byte	0
  94 0012 0B       		.uleb128 0xb
  95 0013 0B       		.uleb128 0xb
  96 0014 3E       		.uleb128 0x3e
  97 0015 0B       		.uleb128 0xb
  98 0016 03       		.uleb128 0x3
  99 0017 0E       		.uleb128 0xe
 100 0018 00       		.byte	0
 101 0019 00       		.byte	0
 102 001a 03       		.uleb128 0x3
 103 001b 24       		.uleb128 0x24
 104 001c 00       		.byte	0
 105 001d 0B       		.uleb128 0xb
 106 001e 0B       		.uleb128 0xb
 107 001f 3E       		.uleb128 0x3e
 108 0020 0B       		.uleb128 0xb
 109 0021 03       		.uleb128 0x3
 110 0022 08       		.uleb128 0x8
 111 0023 00       		.byte	0
 112 0024 00       		.byte	0
 113 0025 00       		.byte	0
 114              		.section	.gnu.debuglto_.debug_line,"e",%progbits
ARM GAS  /tmp//ccCzbNNU.s 			page 3


 115              	.Ldebug_line0:
 116 0000 1A000000 		.4byte	.LELT0-.LSLT0
 117              	.LSLT0:
 118 0004 0400     		.2byte	0x4
 119 0006 14000000 		.4byte	.LELTP0-.LASLTP0
 120              	.LASLTP0:
 121 000a 01       		.byte	0x1
 122 000b 01       		.byte	0x1
 123 000c 01       		.byte	0x1
 124 000d F6       		.byte	0xf6
 125 000e F2       		.byte	0xf2
 126 000f 0D       		.byte	0xd
 127 0010 00       		.byte	0
 128 0011 01       		.byte	0x1
 129 0012 01       		.byte	0x1
 130 0013 01       		.byte	0x1
 131 0014 01       		.byte	0x1
 132 0015 00       		.byte	0
 133 0016 00       		.byte	0
 134 0017 00       		.byte	0
 135 0018 01       		.byte	0x1
 136 0019 00       		.byte	0
 137 001a 00       		.byte	0
 138 001b 01       		.byte	0x1
 139 001c 00       		.byte	0
 140 001d 00       		.byte	0
 141              	.LELTP0:
 142              	.LELT0:
 143              		.section	.gnu.debuglto_.debug_str,"eMS",%progbits,1
 144              	.LASF8:
 145 0000 756E7369 		.ascii	"unsigned int\000"
 145      676E6564 
 145      20696E74 
 145      00
 146              	.LASF5:
 147 000d 6C6F6E67 		.ascii	"long unsigned int\000"
 147      20756E73 
 147      69676E65 
 147      6420696E 
 147      7400
 148              	.LASF10:
 149 001f 474E5520 		.ascii	"GNU C17 9.1.0 -mcpu=cortex-m7 -mthumb -mfloat-abi=h"
 149      43313720 
 149      392E312E 
 149      30202D6D 
 149      6370753D 
 150 0052 61726420 		.ascii	"ard -mfpu=fpv5-sp-d16 -march=armv7e-m+fpv5 -ggdb -O"
 150      2D6D6670 
 150      753D6670 
 150      76352D73 
 150      702D6431 
 151 0085 73202D66 		.ascii	"s -fomit-frame-pointer -falign-functions=16 -ffunct"
 151      6F6D6974 
 151      2D667261 
 151      6D652D70 
 151      6F696E74 
 152 00b8 696F6E2D 		.ascii	"ion-sections -fdata-sections -fno-common -flto\000"
ARM GAS  /tmp//ccCzbNNU.s 			page 4


 152      73656374 
 152      696F6E73 
 152      202D6664 
 152      6174612D 
 153              	.LASF0:
 154 00e7 7369676E 		.ascii	"signed char\000"
 154      65642063 
 154      68617200 
 155              	.LASF12:
 156 00f3 2F686F6D 		.ascii	"/home/wpaul/m7/dc28_badge/software/firmware/badge\000"
 156      652F7770 
 156      61756C2F 
 156      6D372F64 
 156      6332385F 
 157              	.LASF2:
 158 0125 73686F72 		.ascii	"short int\000"
 158      7420696E 
 158      7400
 159              	.LASF9:
 160 012f 63686172 		.ascii	"char\000"
 160      00
 161              	.LASF7:
 162 0134 6C6F6E67 		.ascii	"long long unsigned int\000"
 162      206C6F6E 
 162      6720756E 
 162      7369676E 
 162      65642069 
 163              	.LASF1:
 164 014b 756E7369 		.ascii	"unsigned char\000"
 164      676E6564 
 164      20636861 
 164      7200
 165              	.LASF4:
 166 0159 6C6F6E67 		.ascii	"long int\000"
 166      20696E74 
 166      00
 167              	.LASF11:
 168 0162 2E2E2F43 		.ascii	"../ChibiOS/../FatFs/source/syscall.c\000"
 168      68696269 
 168      4F532F2E 
 168      2E2F4661 
 168      7446732F 
 169              	.LASF3:
 170 0187 73686F72 		.ascii	"short unsigned int\000"
 170      7420756E 
 170      7369676E 
 170      65642069 
 170      6E7400
 171              	.LASF6:
 172 019a 6C6F6E67 		.ascii	"long long int\000"
 172      206C6F6E 
 172      6720696E 
 172      7400
 173              		.text
 174              		.section	.gnu.lto_.profile.398278e683d47fe8,"e",%progbits
 175 0000 789CE360 		.ascii	"x\234\343````\004b\006\000\000V\000\012"
 175      60606004 
ARM GAS  /tmp//ccCzbNNU.s 			page 5


 175      62060000 
 175      56000A
 176              		.text
 177              		.section	.gnu.lto_.icf.398278e683d47fe8,"e",%progbits
 178 0000 789CE360 		.ascii	"x\234\343````b@\006\000\000\276\000\013"
 178      60606062 
 178      40060000 
 178      BE000B
 179              		.text
 180              		.section	.gnu.lto_.jmpfuncs.398278e683d47fe8,"e",%progbits
 181 0000 789CE360 		.ascii	"x\234\343````b@\006\000\000\276\000\013"
 181      60606062 
 181      40060000 
 181      BE000B
 182              		.text
 183              		.section	.gnu.lto_.inline.398278e683d47fe8,"e",%progbits
 184 0000 789CE360 		.ascii	"x\234\343````b@\006\000\000\276\000\013"
 184      60606062 
 184      40060000 
 184      BE000B
 185              		.text
 186              		.section	.gnu.lto_.pureconst.398278e683d47fe8,"e",%progbits
 187 0000 789CE360 		.ascii	"x\234\343````\004b\006\000\000V\000\012"
 187      60606004 
 187      62060000 
 187      56000A
 188              		.text
 189              		.section	.gnu.lto_.symbol_nodes.398278e683d47fe8,"e",%progbits
 190 0000 789CE360 		.ascii	"x\234\343````b\000\001\000\000f\000\013"
 190      60606062 
 190      00010000 
 190      66000B
 191              		.text
 192              		.section	.gnu.lto_.refs.398278e683d47fe8,"e",%progbits
 193 0000 789CE360 		.ascii	"x\234\343````\004b\006\000\000V\000\012"
 193      60606004 
 193      62060000 
 193      56000A
 194              		.text
 195              		.section	.gnu.lto_.decls.398278e683d47fe8,"e",%progbits
 196 0000 789CE360 		.ascii	"x\234\343`\200\000F V\001\342\377@\000b_d \000\000\300"
 196      80004620 
 196      5601E2FF 
 196      4000625F 
 196      64200000 
 197 0015 FE04FC   		.ascii	"\376\004\374"
 198              		.text
 199              		.section	.gnu.lto_.symtab.398278e683d47fe8,"e",%progbits
 200              		.text
 201              		.section	.gnu.lto_.opts,"e",%progbits
 202 0000 272D666E 		.ascii	"'-fno-openmp' '-fno-openacc' '-fno-pie' '-mcpu=cort"
 202      6F2D6F70 
 202      656E6D70 
 202      2720272D 
 202      666E6F2D 
 203 0033 65782D6D 		.ascii	"ex-m7' '-mthumb' '-mfloat-abi=hard' '-mfpu=fpv5-sp-"
 203      37272027 
ARM GAS  /tmp//ccCzbNNU.s 			page 6


 203      2D6D7468 
 203      756D6227 
 203      20272D6D 
 204 0066 64313627 		.ascii	"d16' '-march=armv7e-m+fpv5' '-Os' '-fomit-frame-poi"
 204      20272D6D 
 204      61726368 
 204      3D61726D 
 204      7637652D 
 205 0099 6E746572 		.ascii	"nter' '-falign-functions=16' '-ffunction-sections' "
 205      2720272D 
 205      66616C69 
 205      676E2D66 
 205      756E6374 
 206 00cc 272D6664 		.ascii	"'-fdata-sections' '-fno-common' '-flto'\000"
 206      6174612D 
 206      73656374 
 206      696F6E73 
 206      2720272D 
 207              		.text
 208              		.comm	__gnu_lto_v1,1,1
 209              		.comm	__gnu_lto_slim,1,1
 210              		.ident	"GCC: (GNU) 9.1.0"
ARM GAS  /tmp//ccCzbNNU.s 			page 7


DEFINED SYMBOLS
                            *ABS*:0000000000000000 syscall.c
    /tmp//ccCzbNNU.s:18     .gnu.debuglto_.debug_info:0000000000000000 syscall.c.c6af3317
                            *COM*:0000000000000001 __gnu_lto_v1
                            *COM*:0000000000000001 __gnu_lto_slim

NO UNDEFINED SYMBOLS
